['LSP', 'B', 'SEQ:0', 'A 6.5', 'C 1.1', 'D 4.2', 'E 3.2']
['LSP', 'D', 'SEQ:0', 'F 0.7', 'B 4.2', 'C 1.6', 'E 2.9']
['LSP', 'B', 'SEQ:1', 'A 6.5', 'C 1.1', 'D 4.2', 'E 3.2']
['LSP', 'B', 'SEQ:0', 'A 6.5', 'C 1.1', 'D 4.2', 'E 3.2']
['LSP', 'E', 'SEQ:0', 'B 3.2', 'D 2.9', 'F 6.2']
['LSP', 'E', 'SEQ:0', 'B 3.2', 'D 2.9', 'F 6.2']
['LSP', 'D', 'SEQ:1', 'F 0.7', 'B 4.2', 'C 1.6', 'E 2.9']
['LSP', 'A', 'SEQ:0', 'B 6.5', 'F 2.2']
['LSP', 'C', 'SEQ:0', 'B 1.1', 'D 1.6']
['LSP', 'F', 'SEQ:0', 'A 2.2', 'D 0.7', 'E 6.2']
['LSP', 'D', 'SEQ:0', 'F 0.7', 'B 4.2', 'C 1.6', 'E 2.9']
['LSP', 'C', 'SEQ:0', 'B 1.1', 'D 1.6']
['LSP', 'B', 'SEQ:2', 'A 6.5', 'C 1.1', 'D 4.2', 'E 3.2']
['LSP', 'C', 'SEQ:1', 'B 1.1', 'D 1.6']
['LSP', 'D', 'SEQ:2', 'F 0.7', 'B 4.2', 'C 1.6', 'E 2.9']
['LSP', 'B', 'SEQ:3', 'A 6.5', 'C 1.1', 'D 4.2', 'E 3.2']
['LSP', 'B', 'SEQ:2', 'A 6.5', 'C 1.1', 'D 4.2', 'E 3.2']
['LSP', 'E', 'SEQ:2', 'B 3.2', 'D 2.9', 'F 6.2']
['LSP', 'D', 'SEQ:3', 'F 0.7', 'B 4.2', 'C 1.6', 'E 2.9']
['LSP', 'A', 'SEQ:2', 'B 6.5', 'F 2.2']
['LSP', 'F', 'SEQ:2', 'A 2.2', 'D 0.7', 'E 6.2']
['LSP', 'D', 'SEQ:2', 'F 0.7', 'B 4.2', 'C 1.6', 'E 2.9']
['LSP', 'C', 'SEQ:2', 'B 1.1', 'D 1.6']
['LSP', 'C', 'SEQ:2', 'B 1.1', 'D 1.6']
['LSP', 'F', 'SEQ:1', 'A 2.2', 'D 0.7', 'E 6.2']
['LSP', 'B', 'SEQ:4', 'A 6.5', 'C 1.1', 'D 4.2', 'E 3.2']
['LSP', 'E', 'SEQ:3', 'B 3.2', 'D 2.9', 'F 6.2']
['LSP', 'D', 'SEQ:4', 'F 0.7', 'B 4.2', 'C 1.6', 'E 2.9']
['LSP', 'D', 'SEQ:2', 'F 0.7', 'B 4.2', 'C 1.6', 'E 2.9']
['LSP', 'B', 'SEQ:5', 'A 6.5', 'C 1.1', 'D 4.2', 'E 3.2']
['LSP', 'B', 'SEQ:3', 'A 6.5', 'C 1.1', 'D 4.2', 'E 3.2']
['LSP', 'E', 'SEQ:4', 'B 3.2', 'D 2.9', 'F 6.2']
['LSP', 'A', 'SEQ:4', 'B 6.5', 'F 2.2']
['LSP', 'C', 'SEQ:4', 'B 1.1', 'D 1.6']
['LSP', 'F', 'SEQ:3', 'A 2.2', 'D 0.7', 'E 6.2']
['LSP', 'D', 'SEQ:5', 'F 0.7', 'B 4.2', 'C 1.6', 'E 2.9']
['LSP', 'F', 'SEQ:4', 'A 2.2', 'D 0.7', 'E 6.2']
['LSP', 'B', 'SEQ:6', 'A 6.5', 'C 1.1', 'D 4.2', 'E 3.2']
['LSP', 'B', 'SEQ:5', 'A 6.5', 'C 1.1', 'D 4.2', 'E 3.2']
['LSP', 'E', 'SEQ:5', 'B 3.2', 'D 2.9', 'F 6.2']
['LSP', 'D', 'SEQ:5', 'F 0.7', 'B 4.2', 'C 1.6', 'E 2.9']
['LSP', 'C', 'SEQ:5', 'B 1.1', 'D 1.6']
['LSP', 'A', 'SEQ:4', 'B 6.5', 'F 2.2']
['LSP', 'D', 'SEQ:6', 'F 0.7', 'B 4.2', 'C 1.6', 'E 2.9']
['LSP', 'F', 'SEQ:4', 'A 2.2', 'D 0.7', 'E 6.2']
['LSP', 'B', 'SEQ:7', 'A 6.5', 'C 1.1', 'D 4.2', 'E 3.2']
['LSP', 'B', 'SEQ:5', 'A 6.5', 'C 1.1', 'D 4.2', 'E 3.2']
['LSP', 'D', 'SEQ:7', 'F 0.7', 'B 4.2', 'C 1.6', 'E 2.9']
['LSP', 'C', 'SEQ:6', 'B 1.1', 'D 1.6']
['LSP', 'E', 'SEQ:6', 'B 3.2', 'D 2.9', 'F 6.2']
['LSP', 'F', 'SEQ:6', 'A 2.2', 'D 0.7', 'E 6.2']
['LSP', 'B', 'SEQ:8', 'A 6.5', 'C 1.1', 'D 4.2', 'E 3.2']
['LSP', 'B', 'SEQ:7', 'A 6.5', 'C 1.1', 'D 4.2', 'E 3.2']
['LSP', 'C', 'SEQ:7', 'B 1.1', 'D 1.6']
['LSP', 'F', 'SEQ:6', 'A 2.2', 'D 0.7', 'E 6.2']
['LSP', 'D', 'SEQ:8', 'F 0.7', 'B 4.2', 'C 1.6', 'E 2.9']
['LSP', 'E', 'SEQ:7', 'B 3.2', 'D 2.9', 'F 6.2']
['LSP', 'B', 'SEQ:9', 'A 6.5', 'C 1.1', 'D 4.2', 'E 3.2']
I am router C
Least cost path to router B:CB and the cost: 1.1
Least cost path to router D:CD and the cost: 1.6
Least cost path to router E:CBE and the cost: 4.300000000000001
Least cost path to router A:CDFA and the cost: 4.5
Least cost path to router F:CDF and the cost: 2.3
['LSP', 'C', 'SEQ:8', 'B 1.1', 'D 1.6']
['LSP', 'D', 'SEQ:9', 'F 0.7', 'B 4.2', 'C 1.6', 'E 2.9']
['LSP', 'D', 'SEQ:7', 'F 0.7', 'B 4.2', 'C 1.6', 'E 2.9']
['LSP', 'D', 'SEQ:8', 'F 0.7', 'B 4.2', 'C 1.6', 'E 2.9']
['LSP', 'A', 'SEQ:8', 'B 6.5', 'F 2.2']
['LSP', 'B', 'SEQ:10', 'A 6.5', 'C 1.1', 'D 4.2', 'E 3.2']
['LSP', 'B', 'SEQ:9', 'A 6.5', 'C 1.1', 'D 4.2', 'E 3.2']
['LSP', 'D', 'SEQ:10', 'F 0.7', 'B 4.2', 'C 1.6', 'E 2.9']
['LSP', 'A', 'SEQ:9', 'B 6.5', 'F 2.2']
['LSP', 'E', 'SEQ:9', 'B 3.2', 'D 2.9', 'F 6.2']
['LSP', 'F', 'SEQ:9', 'A 2.2', 'D 0.7', 'E 6.2']
['LSP', 'D', 'SEQ:8', 'F 0.7', 'B 4.2', 'C 1.6', 'E 2.9']
['LSP', 'B', 'SEQ:11', 'A 6.5', 'C 1.1', 'D 4.2', 'E 3.2']
['LSP', 'D', 'SEQ:11', 'F 0.7', 'B 4.2', 'C 1.6', 'E 2.9']
['LSP', 'B', 'SEQ:12', 'A 6.5', 'C 1.1', 'D 4.2', 'E 3.2']
['LSP', 'D', 'SEQ:12', 'F 0.7', 'B 4.2', 'C 1.6', 'E 2.9']
['LSP', 'D', 'SEQ:13', 'F 0.7', 'B 4.2', 'C 1.6', 'E 2.9']
['LSP', 'D', 'SEQ:14', 'F 0.7', 'B 4.2', 'C 1.6', 'E 2.9']
['LSP', 'D', 'SEQ:15', 'F 0.7', 'B 4.2', 'C 1.6', 'E 2.9']
['LSP', 'D', 'SEQ:16', 'F 0.7', 'B 4.2', 'C 1.6', 'E 2.9']
['LSP', 'D', 'SEQ:17', 'F 0.7', 'B 4.2', 'C 1.6', 'E 2.9']
['LSP', 'D', 'SEQ:18', 'F 0.7', 'B 4.2', 'C 1.6', 'E 2.9']
Djikstra
['LSP', 'D', 'SEQ:19', 'F 0.7', 'B 4.2', 'C 1.6', 'E 2.9']
['LSP', 'D', 'SEQ:20', 'F 0.7', 'B 4.2', 'C 1.6', 'E 2.9']
['LSP', 'D', 'SEQ:21', 'F 0.7', 'B 4.2', 'C 1.6', 'E 2.9']
['LSP', 'D', 'SEQ:22', 'F 0.7', 'B 4.2', 'C 1.6', 'E 2.9']
['LSP', 'D', 'SEQ:23', 'F 0.7', 'B 4.2', 'C 1.6', 'E 2.9']
['LSP', 'D', 'SEQ:24', 'F 0.7', 'B 4.2', 'C 1.6', 'E 2.9']
['LSP', 'D', 'SEQ:25', 'F 0.7', 'B 4.2', 'C 1.6', 'E 2.9']
['LSP', 'D', 'SEQ:26', 'F 0.7', 'B 4.2', 'C 1.6', 'E 2.9']
['LSP', 'D', 'SEQ:27', 'F 0.7', 'B 4.2', 'C 1.6', 'E 2.9']
['LSP', 'D', 'SEQ:28', 'F 0.7', 'B 4.2', 'C 1.6', 'E 2.9']
['LSP', 'D', 'SEQ:29', 'F 0.7', 'B 4.2', 'C 1.6', 'E 2.9']
['LSP', 'D', 'SEQ:30', 'F 0.7', 'B 4.2', 'C 1.6', 'E 2.9']
['LSP', 'D', 'SEQ:31', 'F 0.7', 'B 4.2', 'C 1.6', 'E 2.9']
['LSP', 'D', 'SEQ:32', 'F 0.7', 'B 4.2', 'C 1.6', 'E 2.9']
['LSP', 'D', 'SEQ:33', 'F 0.7', 'B 4.2', 'C 1.6', 'E 2.9']
['LSP', 'D', 'SEQ:34', 'F 0.7', 'B 4.2', 'C 1.6', 'E 2.9']
['LSP', 'D', 'SEQ:35', 'F 0.7', 'B 4.2', 'C 1.6', 'E 2.9']
['LSP', 'D', 'SEQ:36', 'F 0.7', 'B 4.2', 'C 1.6', 'E 2.9']
['LSP', 'D', 'SEQ:37', 'F 0.7', 'B 4.2', 'C 1.6', 'E 2.9']
['LSP', 'D', 'SEQ:38', 'F 0.7', 'B 4.2', 'C 1.6', 'E 2.9']
I am router C
Least cost path to router B:CB and the cost: 1.1
Least cost path to router D:CD and the cost: 1.6
Least cost path to router E:CBE and the cost: 4.300000000000001
Least cost path to router A:CDFA and the cost: 4.5
Least cost path to router F:CDF and the cost: 2.3
['LSP', 'D', 'SEQ:39', 'F 0.7', 'B 4.2', 'C 1.6', 'E 2.9']
['LSP', 'D', 'SEQ:40', 'F 0.7', 'B 4.2', 'C 1.6', 'E 2.9']
['LSP', 'D', 'SEQ:41', 'F 0.7', 'B 4.2', 'C 1.6', 'E 2.9']
['LSP', 'D', 'SEQ:42', 'F 0.7', 'B 4.2', 'C 1.6', 'E 2.9']
['LSP', 'D', 'SEQ:43', 'F 0.7', 'B 4.2', 'C 1.6', 'E 2.9']
['LSP', 'D', 'SEQ:44', 'F 0.7', 'B 4.2', 'C 1.6', 'E 2.9']
['LSP', 'D', 'SEQ:45', 'F 0.7', 'B 4.2', 'C 1.6', 'E 2.9']
['LSP', 'D', 'SEQ:46', 'F 0.7', 'B 4.2', 'C 1.6', 'E 2.9']
['LSP', 'D', 'SEQ:47', 'F 0.7', 'B 4.2', 'C 1.6', 'E 2.9']
['LSP', 'D', 'SEQ:48', 'F 0.7', 'B 4.2', 'C 1.6', 'E 2.9']
Djikstra
['LSP', 'D', 'SEQ:49', 'F 0.7', 'B 4.2', 'C 1.6', 'E 2.9']
['LSP', 'D', 'SEQ:50', 'F 0.7', 'B 4.2', 'C 1.6', 'E 2.9']
['LSP', 'D', 'SEQ:51', 'F 0.7', 'B 4.2', 'C 1.6', 'E 2.9']
['LSP', 'D', 'SEQ:52', 'F 0.7', 'B 4.2', 'C 1.6', 'E 2.9']
['LSP', 'D', 'SEQ:53', 'F 0.7', 'B 4.2', 'C 1.6', 'E 2.9']
['LSP', 'D', 'SEQ:54', 'F 0.7', 'B 4.2', 'C 1.6', 'E 2.9']
['LSP', 'D', 'SEQ:55', 'F 0.7', 'B 4.2', 'C 1.6', 'E 2.9']
['LSP', 'D', 'SEQ:56', 'F 0.7', 'B 4.2', 'C 1.6', 'E 2.9']
['LSP', 'D', 'SEQ:57', 'F 0.7', 'B 4.2', 'C 1.6', 'E 2.9']
['LSP', 'D', 'SEQ:58', 'F 0.7', 'B 4.2', 'C 1.6', 'E 2.9']
['LSP', 'D', 'SEQ:59', 'F 0.7', 'B 4.2', 'C 1.6', 'E 2.9']
['LSP', 'D', 'SEQ:60', 'F 0.7', 'B 4.2', 'C 1.6', 'E 2.9']
['LSP', 'D', 'SEQ:61', 'F 0.7', 'B 4.2', 'C 1.6', 'E 2.9']
['LSP', 'D', 'SEQ:62', 'F 0.7', 'B 4.2', 'C 1.6', 'E 2.9']
['LSP', 'D', 'SEQ:63', 'F 0.7', 'B 4.2', 'C 1.6', 'E 2.9']
['LSP', 'D', 'SEQ:64', 'F 0.7', 'B 4.2', 'C 1.6', 'E 2.9']
['LSP', 'D', 'SEQ:65', 'F 0.7', 'B 4.2', 'C 1.6', 'E 2.9']
['LSP', 'D', 'SEQ:66', 'F 0.7', 'B 4.2', 'C 1.6', 'E 2.9']
['LSP', 'D', 'SEQ:67', 'F 0.7', 'B 4.2', 'C 1.6', 'E 2.9']
['LSP', 'D', 'SEQ:68', 'F 0.7', 'B 4.2', 'C 1.6', 'E 2.9']
I am router C
Least cost path to router B:CB and the cost: 1.1
Least cost path to router D:CD and the cost: 1.6
Least cost path to router E:CBE and the cost: 4.300000000000001
Least cost path to router A:CDFA and the cost: 4.5
Least cost path to router F:CDF and the cost: 2.3
['LSP', 'D', 'SEQ:69', 'F 0.7', 'B 4.2', 'C 1.6', 'E 2.9']
['LSP', 'D', 'SEQ:70', 'F 0.7', 'B 4.2', 'C 1.6', 'E 2.9']
['LSP', 'D', 'SEQ:71', 'F 0.7', 'B 4.2', 'C 1.6', 'E 2.9']
['LSP', 'D', 'SEQ:72', 'F 0.7', 'B 4.2', 'C 1.6', 'E 2.9']