['LSP', 'B', 'SEQ:0', 'A 6.5', 'C 1.1', 'D 4.2', 'E 3.2']
['LSP', 'F', 'SEQ:0', 'A 2.2', 'D 0.7', 'E 6.2']
['LSP', 'B', 'SEQ:1', 'A 6.5', 'C 1.1', 'D 4.2', 'E 3.2']
['LSP', 'E', 'SEQ:0', 'B 3.2', 'D 2.9', 'F 6.2']
['LSP', 'F', 'SEQ:1', 'A 2.2', 'D 0.7', 'E 6.2']
['LSP', 'E', 'SEQ:0', 'B 3.2', 'D 2.9', 'F 6.2']
['LSP', 'A', 'SEQ:0', 'B 6.5', 'F 2.2']
['LSP', 'C', 'SEQ:0', 'B 1.1', 'D 1.6']
['LSP', 'D', 'SEQ:0', 'F 0.7', 'B 4.2', 'C 1.6', 'E 2.9']
['LSP', 'A', 'SEQ:0', 'B 6.5', 'F 2.2']
['LSP', 'D', 'SEQ:0', 'F 0.7', 'B 4.2', 'C 1.6', 'E 2.9']
['LSP', 'B', 'SEQ:2', 'A 6.5', 'C 1.1', 'D 4.2', 'E 3.2']
['LSP', 'B', 'SEQ:0', 'A 6.5', 'C 1.1', 'D 4.2', 'E 3.2']
['LSP', 'F', 'SEQ:2', 'A 2.2', 'D 0.7', 'E 6.2']
['LSP', 'B', 'SEQ:3', 'A 6.5', 'C 1.1', 'D 4.2', 'E 3.2']
['LSP', 'E', 'SEQ:2', 'B 3.2', 'D 2.9', 'F 6.2']
['LSP', 'E', 'SEQ:2', 'B 3.2', 'D 2.9', 'F 6.2']
['LSP', 'C', 'SEQ:2', 'B 1.1', 'D 1.6']
['LSP', 'C', 'SEQ:1', 'B 1.1', 'D 1.6']
['LSP', 'D', 'SEQ:2', 'F 0.7', 'B 4.2', 'C 1.6', 'E 2.9']
['LSP', 'A', 'SEQ:2', 'B 6.5', 'F 2.2']
['LSP', 'F', 'SEQ:1', 'A 2.2', 'D 0.7', 'E 6.2']
['LSP', 'A', 'SEQ:2', 'B 6.5', 'F 2.2']
['LSP', 'F', 'SEQ:3', 'A 2.2', 'D 0.7', 'E 6.2']
['LSP', 'F', 'SEQ:1', 'A 2.2', 'D 0.7', 'E 6.2']
['LSP', 'D', 'SEQ:2', 'F 0.7', 'B 4.2', 'C 1.6', 'E 2.9']
['LSP', 'B', 'SEQ:4', 'A 6.5', 'C 1.1', 'D 4.2', 'E 3.2']
['LSP', 'A', 'SEQ:3', 'B 6.5', 'F 2.2']
['LSP', 'F', 'SEQ:4', 'A 2.2', 'D 0.7', 'E 6.2']
['LSP', 'B', 'SEQ:3', 'A 6.5', 'C 1.1', 'D 4.2', 'E 3.2']
['LSP', 'B', 'SEQ:3', 'A 6.5', 'C 1.1', 'D 4.2', 'E 3.2']
['LSP', 'B', 'SEQ:5', 'A 6.5', 'C 1.1', 'D 4.2', 'E 3.2']
['LSP', 'E', 'SEQ:4', 'B 3.2', 'D 2.9', 'F 6.2']
['LSP', 'E', 'SEQ:4', 'B 3.2', 'D 2.9', 'F 6.2']
['LSP', 'A', 'SEQ:4', 'B 6.5', 'F 2.2']
['LSP', 'C', 'SEQ:4', 'B 1.1', 'D 1.6']
['LSP', 'F', 'SEQ:3', 'A 2.2', 'D 0.7', 'E 6.2']
['LSP', 'D', 'SEQ:4', 'F 0.7', 'B 4.2', 'C 1.6', 'E 2.9']
['LSP', 'F', 'SEQ:5', 'A 2.2', 'D 0.7', 'E 6.2']
['LSP', 'B', 'SEQ:6', 'A 6.5', 'C 1.1', 'D 4.2', 'E 3.2']
['LSP', 'A', 'SEQ:5', 'B 6.5', 'F 2.2']
['LSP', 'D', 'SEQ:5', 'F 0.7', 'B 4.2', 'C 1.6', 'E 2.9']
['LSP', 'F', 'SEQ:4', 'A 2.2', 'D 0.7', 'E 6.2']
['LSP', 'F', 'SEQ:4', 'A 2.2', 'D 0.7', 'E 6.2']
['LSP', 'F', 'SEQ:6', 'A 2.2', 'D 0.7', 'E 6.2']
['LSP', 'B', 'SEQ:5', 'A 6.5', 'C 1.1', 'D 4.2', 'E 3.2']
['LSP', 'B', 'SEQ:7', 'A 6.5', 'C 1.1', 'D 4.2', 'E 3.2']
['LSP', 'C', 'SEQ:6', 'B 1.1', 'D 1.6']
['LSP', 'E', 'SEQ:6', 'B 3.2', 'D 2.9', 'F 6.2']
['LSP', 'C', 'SEQ:5', 'B 1.1', 'D 1.6']
['LSP', 'E', 'SEQ:6', 'B 3.2', 'D 2.9', 'F 6.2']
['LSP', 'F', 'SEQ:7', 'A 2.2', 'D 0.7', 'E 6.2']
['LSP', 'B', 'SEQ:8', 'A 6.5', 'C 1.1', 'D 4.2', 'E 3.2']
['LSP', 'A', 'SEQ:7', 'B 6.5', 'F 2.2']
['LSP', 'F', 'SEQ:6', 'A 2.2', 'D 0.7', 'E 6.2']
['LSP', 'F', 'SEQ:8', 'A 2.2', 'D 0.7', 'E 6.2']
['LSP', 'F', 'SEQ:6', 'A 2.2', 'D 0.7', 'E 6.2']
['LSP', 'D', 'SEQ:7', 'F 0.7', 'B 4.2', 'C 1.6', 'E 2.9']
['LSP', 'B', 'SEQ:7', 'A 6.5', 'C 1.1', 'D 4.2', 'E 3.2']
['LSP', 'B', 'SEQ:9', 'A 6.5', 'C 1.1', 'D 4.2', 'E 3.2']
I am router A
Least cost path to router B:AFDCB and the cost: 5.6
Least cost path to router F:AF and the cost: 2.2
Least cost path to router E:AFDE and the cost: 5.800000000000001
Least cost path to router C:AFDC and the cost: 4.5
Least cost path to router D:AFD and the cost: 2.9000000000000004
['LSP', 'C', 'SEQ:8', 'B 1.1', 'D 1.6']
['LSP', 'E', 'SEQ:8', 'B 3.2', 'D 2.9', 'F 6.2']
['LSP', 'F', 'SEQ:9', 'A 2.2', 'D 0.7', 'E 6.2']
['LSP', 'D', 'SEQ:8', 'F 0.7', 'B 4.2', 'C 1.6', 'E 2.9']
['LSP', 'A', 'SEQ:8', 'B 6.5', 'F 2.2']
['LSP', 'B', 'SEQ:10', 'A 6.5', 'C 1.1', 'D 4.2', 'E 3.2']
['LSP', 'D', 'SEQ:9', 'F 0.7', 'B 4.2', 'C 1.6', 'E 2.9']
['LSP', 'E', 'SEQ:9', 'B 3.2', 'D 2.9', 'F 6.2']
['LSP', 'F', 'SEQ:10', 'A 2.2', 'D 0.7', 'E 6.2']
['LSP', 'A', 'SEQ:9', 'B 6.5', 'F 2.2']
['LSP', 'F', 'SEQ:8', 'A 2.2', 'D 0.7', 'E 6.2']
['LSP', 'A', 'SEQ:9', 'B 6.5', 'F 2.2']
['LSP', 'B', 'SEQ:11', 'A 6.5', 'C 1.1', 'D 4.2', 'E 3.2']
['LSP', 'F', 'SEQ:11', 'A 2.2', 'D 0.7', 'E 6.2']
['LSP', 'B', 'SEQ:12', 'A 6.5', 'C 1.1', 'D 4.2', 'E 3.2']
['LSP', 'F', 'SEQ:12', 'A 2.2', 'D 0.7', 'E 6.2']
['LSP', 'F', 'SEQ:13', 'A 2.2', 'D 0.7', 'E 6.2']
['LSP', 'F', 'SEQ:14', 'A 2.2', 'D 0.7', 'E 6.2']
['LSP', 'F', 'SEQ:15', 'A 2.2', 'D 0.7', 'E 6.2']
['LSP', 'F', 'SEQ:16', 'A 2.2', 'D 0.7', 'E 6.2']
['LSP', 'F', 'SEQ:17', 'A 2.2', 'D 0.7', 'E 6.2']
['LSP', 'F', 'SEQ:18', 'A 2.2', 'D 0.7', 'E 6.2']
Djikstra
['LSP', 'F', 'SEQ:19', 'A 2.2', 'D 0.7', 'E 6.2']
['LSP', 'F', 'SEQ:20', 'A 2.2', 'D 0.7', 'E 6.2']
['LSP', 'F', 'SEQ:21', 'A 2.2', 'D 0.7', 'E 6.2']
['LSP', 'F', 'SEQ:22', 'A 2.2', 'D 0.7', 'E 6.2']
['LSP', 'F', 'SEQ:23', 'A 2.2', 'D 0.7', 'E 6.2']
['LSP', 'F', 'SEQ:24', 'A 2.2', 'D 0.7', 'E 6.2']
['LSP', 'F', 'SEQ:25', 'A 2.2', 'D 0.7', 'E 6.2']
['LSP', 'F', 'SEQ:26', 'A 2.2', 'D 0.7', 'E 6.2']
['LSP', 'F', 'SEQ:27', 'A 2.2', 'D 0.7', 'E 6.2']
['LSP', 'F', 'SEQ:28', 'A 2.2', 'D 0.7', 'E 6.2']
['LSP', 'F', 'SEQ:29', 'A 2.2', 'D 0.7', 'E 6.2']
['LSP', 'F', 'SEQ:30', 'A 2.2', 'D 0.7', 'E 6.2']
['LSP', 'F', 'SEQ:31', 'A 2.2', 'D 0.7', 'E 6.2']
['LSP', 'F', 'SEQ:32', 'A 2.2', 'D 0.7', 'E 6.2']
['LSP', 'F', 'SEQ:33', 'A 2.2', 'D 0.7', 'E 6.2']
['LSP', 'F', 'SEQ:34', 'A 2.2', 'D 0.7', 'E 6.2']
['LSP', 'F', 'SEQ:35', 'A 2.2', 'D 0.7', 'E 6.2']
['LSP', 'F', 'SEQ:36', 'A 2.2', 'D 0.7', 'E 6.2']
['LSP', 'F', 'SEQ:37', 'A 2.2', 'D 0.7', 'E 6.2']
['LSP', 'F', 'SEQ:38', 'A 2.2', 'D 0.7', 'E 6.2']
I am router A
Least cost path to router B:AFDCB and the cost: 5.6
Least cost path to router F:AF and the cost: 2.2
Least cost path to router E:AFDE and the cost: 5.800000000000001
Least cost path to router C:AFDC and the cost: 4.5
Least cost path to router D:AFD and the cost: 2.9000000000000004
['LSP', 'F', 'SEQ:39', 'A 2.2', 'D 0.7', 'E 6.2']
['LSP', 'F', 'SEQ:40', 'A 2.2', 'D 0.7', 'E 6.2']
['LSP', 'F', 'SEQ:41', 'A 2.2', 'D 0.7', 'E 6.2']
['LSP', 'F', 'SEQ:42', 'A 2.2', 'D 0.7', 'E 6.2']
['LSP', 'F', 'SEQ:43', 'A 2.2', 'D 0.7', 'E 6.2']
['LSP', 'F', 'SEQ:44', 'A 2.2', 'D 0.7', 'E 6.2']
['LSP', 'F', 'SEQ:45', 'A 2.2', 'D 0.7', 'E 6.2']
['LSP', 'F', 'SEQ:46', 'A 2.2', 'D 0.7', 'E 6.2']
['LSP', 'F', 'SEQ:47', 'A 2.2', 'D 0.7', 'E 6.2']
['LSP', 'F', 'SEQ:48', 'A 2.2', 'D 0.7', 'E 6.2']
Djikstra
['LSP', 'F', 'SEQ:49', 'A 2.2', 'D 0.7', 'E 6.2']
['LSP', 'F', 'SEQ:50', 'A 2.2', 'D 0.7', 'E 6.2']
['LSP', 'F', 'SEQ:51', 'A 2.2', 'D 0.7', 'E 6.2']
['LSP', 'F', 'SEQ:52', 'A 2.2', 'D 0.7', 'E 6.2']
['LSP', 'F', 'SEQ:53', 'A 2.2', 'D 0.7', 'E 6.2']
['LSP', 'F', 'SEQ:54', 'A 2.2', 'D 0.7', 'E 6.2']
['LSP', 'F', 'SEQ:55', 'A 2.2', 'D 0.7', 'E 6.2']
['LSP', 'F', 'SEQ:56', 'A 2.2', 'D 0.7', 'E 6.2']
['LSP', 'F', 'SEQ:57', 'A 2.2', 'D 0.7', 'E 6.2']
['LSP', 'F', 'SEQ:58', 'A 2.2', 'D 0.7', 'E 6.2']
['LSP', 'F', 'SEQ:59', 'A 2.2', 'D 0.7', 'E 6.2']
['LSP', 'F', 'SEQ:60', 'A 2.2', 'D 0.7', 'E 6.2']
['LSP', 'F', 'SEQ:61', 'A 2.2', 'D 0.7', 'E 6.2']
['LSP', 'F', 'SEQ:62', 'A 2.2', 'D 0.7', 'E 6.2']
['LSP', 'F', 'SEQ:63', 'A 2.2', 'D 0.7', 'E 6.2']
['LSP', 'F', 'SEQ:64', 'A 2.2', 'D 0.7', 'E 6.2']
['LSP', 'F', 'SEQ:65', 'A 2.2', 'D 0.7', 'E 6.2']
['LSP', 'F', 'SEQ:66', 'A 2.2', 'D 0.7', 'E 6.2']
['LSP', 'F', 'SEQ:67', 'A 2.2', 'D 0.7', 'E 6.2']
['LSP', 'F', 'SEQ:68', 'A 2.2', 'D 0.7', 'E 6.2']
I am router A
Least cost path to router B:AFDCB and the cost: 5.6
Least cost path to router F:AF and the cost: 2.2
Least cost path to router E:AFDE and the cost: 5.800000000000001
Least cost path to router C:AFDC and the cost: 4.5
Least cost path to router D:AFD and the cost: 2.9000000000000004
['LSP', 'F', 'SEQ:69', 'A 2.2', 'D 0.7', 'E 6.2']
['LSP', 'F', 'SEQ:70', 'A 2.2', 'D 0.7', 'E 6.2']
['LSP', 'F', 'SEQ:71', 'A 2.2', 'D 0.7', 'E 6.2']
['LSP', 'F', 'SEQ:72', 'A 2.2', 'D 0.7', 'E 6.2']
['LSP', 'F', 'SEQ:73', 'A 2.2', 'D 0.7', 'E 6.2']
['LSP', 'F', 'SEQ:74', 'A 2.2', 'D 0.7', 'E 6.2']
['LSP', 'F', 'SEQ:75', 'A 2.2', 'D 0.7', 'E 6.2']
['LSP', 'F', 'SEQ:76', 'A 2.2', 'D 0.7', 'E 6.2']
['LSP', 'F', 'SEQ:77', 'A 2.2', 'D 0.7', 'E 6.2']
['LSP', 'F', 'SEQ:78', 'A 2.2', 'D 0.7', 'E 6.2']
Djikstra
['LSP', 'F', 'SEQ:79', 'A 2.2', 'D 0.7', 'E 6.2']
['LSP', 'F', 'SEQ:80', 'A 2.2', 'D 0.7', 'E 6.2']
['LSP', 'F', 'SEQ:81', 'A 2.2', 'D 0.7', 'E 6.2']
['LSP', 'F', 'SEQ:82', 'A 2.2', 'D 0.7', 'E 6.2']