['LSP', 'B', 'SEQ:0', 'A 6.5', 'C 1.1', 'D 4.2', 'E 3.2']
['LSP', 'E', 'SEQ:0', 'B 3.2', 'D 2.9', 'F 6.2']
['LSP', 'F', 'SEQ:0', 'A 2.2', 'D 0.7', 'E 6.2']
['LSP', 'C', 'SEQ:0', 'B 1.1', 'D 1.6']
['LSP', 'B', 'SEQ:1', 'A 6.5', 'C 1.1', 'D 4.2', 'E 3.2']
['LSP', 'B', 'SEQ:0', 'A 6.5', 'C 1.1', 'D 4.2', 'E 3.2']
['LSP', 'B', 'SEQ:0', 'A 6.5', 'C 1.1', 'D 4.2', 'E 3.2']
['LSP', 'E', 'SEQ:1', 'B 3.2', 'D 2.9', 'F 6.2']
['LSP', 'F', 'SEQ:1', 'A 2.2', 'D 0.7', 'E 6.2']
['LSP', 'E', 'SEQ:0', 'B 3.2', 'D 2.9', 'F 6.2']
['LSP', 'C', 'SEQ:1', 'B 1.1', 'D 1.6']
['LSP', 'F', 'SEQ:0', 'A 2.2', 'D 0.7', 'E 6.2']
['LSP', 'D', 'SEQ:0', 'F 0.7', 'B 4.2', 'C 1.6', 'E 2.9']
['LSP', 'D', 'SEQ:0', 'F 0.7', 'B 4.2', 'C 1.6', 'E 2.9']
['LSP', 'E', 'SEQ:0', 'B 3.2', 'D 2.9', 'F 6.2']
['LSP', 'D', 'SEQ:0', 'F 0.7', 'B 4.2', 'C 1.6', 'E 2.9']
['LSP', 'A', 'SEQ:0', 'B 6.5', 'F 2.2']
['LSP', 'A', 'SEQ:0', 'B 6.5', 'F 2.2']
['LSP', 'C', 'SEQ:0', 'B 1.1', 'D 1.6']
['LSP', 'D', 'SEQ:0', 'F 0.7', 'B 4.2', 'C 1.6', 'E 2.9']
['LSP', 'B', 'SEQ:2', 'A 6.5', 'C 1.1', 'D 4.2', 'E 3.2']
['LSP', 'B', 'SEQ:0', 'A 6.5', 'C 1.1', 'D 4.2', 'E 3.2']
['LSP', 'E', 'SEQ:2', 'B 3.2', 'D 2.9', 'F 6.2']
['LSP', 'F', 'SEQ:2', 'A 2.2', 'D 0.7', 'E 6.2']
['LSP', 'C', 'SEQ:2', 'B 1.1', 'D 1.6']
['LSP', 'D', 'SEQ:1', 'F 0.7', 'B 4.2', 'C 1.6', 'E 2.9']
['LSP', 'A', 'SEQ:0', 'B 6.5', 'F 2.2']
['LSP', 'A', 'SEQ:0', 'B 6.5', 'F 2.2']
['LSP', 'C', 'SEQ:0', 'B 1.1', 'D 1.6']
['LSP', 'C', 'SEQ:0', 'B 1.1', 'D 1.6']
['LSP', 'F', 'SEQ:0', 'A 2.2', 'D 0.7', 'E 6.2']
['LSP', 'D', 'SEQ:1', 'F 0.7', 'B 4.2', 'C 1.6', 'E 2.9']
['LSP', 'B', 'SEQ:3', 'A 6.5', 'C 1.1', 'D 4.2', 'E 3.2']
['LSP', 'B', 'SEQ:2', 'A 6.5', 'C 1.1', 'D 4.2', 'E 3.2']
['LSP', 'E', 'SEQ:3', 'B 3.2', 'D 2.9', 'F 6.2']
['LSP', 'E', 'SEQ:2', 'B 3.2', 'D 2.9', 'F 6.2']
['LSP', 'E', 'SEQ:2', 'B 3.2', 'D 2.9', 'F 6.2']
['LSP', 'C', 'SEQ:3', 'B 1.1', 'D 1.6']
['LSP', 'C', 'SEQ:1', 'B 1.1', 'D 1.6']
['LSP', 'F', 'SEQ:3', 'A 2.2', 'D 0.7', 'E 6.2']
['LSP', 'A', 'SEQ:2', 'B 6.5', 'F 2.2']
['LSP', 'D', 'SEQ:2', 'F 0.7', 'B 4.2', 'C 1.6', 'E 2.9']
['LSP', 'C', 'SEQ:2', 'B 1.1', 'D 1.6']
['LSP', 'A', 'SEQ:2', 'B 6.5', 'F 2.2']
['LSP', 'F', 'SEQ:1', 'A 2.2', 'D 0.7', 'E 6.2']
['LSP', 'F', 'SEQ:1', 'A 2.2', 'D 0.7', 'E 6.2']
['LSP', 'D', 'SEQ:2', 'F 0.7', 'B 4.2', 'C 1.6', 'E 2.9']
['LSP', 'B', 'SEQ:4', 'A 6.5', 'C 1.1', 'D 4.2', 'E 3.2']
['LSP', 'B', 'SEQ:3', 'A 6.5', 'C 1.1', 'D 4.2', 'E 3.2']
['LSP', 'B', 'SEQ:3', 'A 6.5', 'C 1.1', 'D 4.2', 'E 3.2']
['LSP', 'E', 'SEQ:4', 'B 3.2', 'D 2.9', 'F 6.2']
['LSP', 'C', 'SEQ:4', 'B 1.1', 'D 1.6']
['LSP', 'E', 'SEQ:2', 'B 3.2', 'D 2.9', 'F 6.2']
['LSP', 'D', 'SEQ:3', 'F 0.7', 'B 4.2', 'C 1.6', 'E 2.9']
['LSP', 'E', 'SEQ:2', 'B 3.2', 'D 2.9', 'F 6.2']
['LSP', 'F', 'SEQ:3', 'A 2.2', 'D 0.7', 'E 6.2']
['LSP', 'D', 'SEQ:3', 'F 0.7', 'B 4.2', 'C 1.6', 'E 2.9']
['LSP', 'A', 'SEQ:3', 'B 6.5', 'F 2.2']
['LSP', 'A', 'SEQ:2', 'B 6.5', 'F 2.2']
['LSP', 'F', 'SEQ:4', 'A 2.2', 'D 0.7', 'E 6.2']
['LSP', 'A', 'SEQ:2', 'B 6.5', 'F 2.2']
['LSP', 'F', 'SEQ:2', 'A 2.2', 'D 0.7', 'E 6.2']
['LSP', 'B', 'SEQ:3', 'A 6.5', 'C 1.1', 'D 4.2', 'E 3.2']
['LSP', 'B', 'SEQ:5', 'A 6.5', 'C 1.1', 'D 4.2', 'E 3.2']
['LSP', 'B', 'SEQ:3', 'A 6.5', 'C 1.1', 'D 4.2', 'E 3.2']
['LSP', 'E', 'SEQ:5', 'B 3.2', 'D 2.9', 'F 6.2']
['LSP', 'E', 'SEQ:4', 'B 3.2', 'D 2.9', 'F 6.2']
['LSP', 'E', 'SEQ:4', 'B 3.2', 'D 2.9', 'F 6.2']
['LSP', 'C', 'SEQ:5', 'B 1.1', 'D 1.6']
['LSP', 'A', 'SEQ:4', 'B 6.5', 'F 2.2']
['LSP', 'C', 'SEQ:4', 'B 1.1', 'D 1.6']
['LSP', 'D', 'SEQ:4', 'F 0.7', 'B 4.2', 'C 1.6', 'E 2.9']
['LSP', 'F', 'SEQ:3', 'A 2.2', 'D 0.7', 'E 6.2']
['LSP', 'F', 'SEQ:5', 'A 2.2', 'D 0.7', 'E 6.2']
['LSP', 'A', 'SEQ:3', 'B 6.5', 'F 2.2']
['LSP', 'F', 'SEQ:4', 'A 2.2', 'D 0.7', 'E 6.2']
['LSP', 'B', 'SEQ:6', 'A 6.5', 'C 1.1', 'D 4.2', 'E 3.2']
['LSP', 'B', 'SEQ:5', 'A 6.5', 'C 1.1', 'D 4.2', 'E 3.2']
['LSP', 'B', 'SEQ:5', 'A 6.5', 'C 1.1', 'D 4.2', 'E 3.2']
['LSP', 'C', 'SEQ:6', 'B 1.1', 'D 1.6']
['LSP', 'E', 'SEQ:6', 'B 3.2', 'D 2.9', 'F 6.2']
['LSP', 'A', 'SEQ:5', 'B 6.5', 'F 2.2']
['LSP', 'E', 'SEQ:4', 'B 3.2', 'D 2.9', 'F 6.2']
['LSP', 'E', 'SEQ:4', 'B 3.2', 'D 2.9', 'F 6.2']
['LSP', 'A', 'SEQ:4', 'B 6.5', 'F 2.2']
['LSP', 'C', 'SEQ:4', 'B 1.1', 'D 1.6']
['LSP', 'A', 'SEQ:4', 'B 6.5', 'F 2.2']
['LSP', 'F', 'SEQ:3', 'A 2.2', 'D 0.7', 'E 6.2']
['LSP', 'D', 'SEQ:5', 'F 0.7', 'B 4.2', 'C 1.6', 'E 2.9']
['LSP', 'D', 'SEQ:5', 'F 0.7', 'B 4.2', 'C 1.6', 'E 2.9']
['LSP', 'C', 'SEQ:4', 'B 1.1', 'D 1.6']
['LSP', 'F', 'SEQ:4', 'A 2.2', 'D 0.7', 'E 6.2']
['LSP', 'F', 'SEQ:6', 'A 2.2', 'D 0.7', 'E 6.2']
['LSP', 'F', 'SEQ:4', 'A 2.2', 'D 0.7', 'E 6.2']
['LSP', 'B', 'SEQ:7', 'A 6.5', 'C 1.1', 'D 4.2', 'E 3.2']
['LSP', 'B', 'SEQ:5', 'A 6.5', 'C 1.1', 'D 4.2', 'E 3.2']
['LSP', 'C', 'SEQ:7', 'B 1.1', 'D 1.6']
['LSP', 'E', 'SEQ:7', 'B 3.2', 'D 2.9', 'F 6.2']
['LSP', 'E', 'SEQ:6', 'B 3.2', 'D 2.9', 'F 6.2']
['LSP', 'C', 'SEQ:5', 'B 1.1', 'D 1.6']
['LSP', 'C', 'SEQ:5', 'B 1.1', 'D 1.6']
['LSP', 'D', 'SEQ:6', 'F 0.7', 'B 4.2', 'C 1.6', 'E 2.9']
['LSP', 'C', 'SEQ:6', 'B 1.1', 'D 1.6']
['LSP', 'D', 'SEQ:6', 'F 0.7', 'B 4.2', 'C 1.6', 'E 2.9']
['LSP', 'F', 'SEQ:7', 'A 2.2', 'D 0.7', 'E 6.2']
['LSP', 'C', 'SEQ:5', 'B 1.1', 'D 1.6']
['LSP', 'E', 'SEQ:6', 'B 3.2', 'D 2.9', 'F 6.2']
['LSP', 'F', 'SEQ:6', 'A 2.2', 'D 0.7', 'E 6.2']
['LSP', 'B', 'SEQ:7', 'A 6.5', 'C 1.1', 'D 4.2', 'E 3.2']
['LSP', 'B', 'SEQ:8', 'A 6.5', 'C 1.1', 'D 4.2', 'E 3.2']
['LSP', 'E', 'SEQ:8', 'B 3.2', 'D 2.9', 'F 6.2']
['LSP', 'C', 'SEQ:8', 'B 1.1', 'D 1.6']
['LSP', 'F', 'SEQ:6', 'A 2.2', 'D 0.7', 'E 6.2']
['LSP', 'A', 'SEQ:7', 'B 6.5', 'F 2.2']
['LSP', 'F', 'SEQ:8', 'A 2.2', 'D 0.7', 'E 6.2']
['LSP', 'C', 'SEQ:6', 'B 1.1', 'D 1.6']
['LSP', 'D', 'SEQ:7', 'F 0.7', 'B 4.2', 'C 1.6', 'E 2.9']
['LSP', 'F', 'SEQ:6', 'A 2.2', 'D 0.7', 'E 6.2']
['LSP', 'E', 'SEQ:6', 'B 3.2', 'D 2.9', 'F 6.2']
['LSP', 'F', 'SEQ:6', 'A 2.2', 'D 0.7', 'E 6.2']
['LSP', 'D', 'SEQ:7', 'F 0.7', 'B 4.2', 'C 1.6', 'E 2.9']
['LSP', 'B', 'SEQ:7', 'A 6.5', 'C 1.1', 'D 4.2', 'E 3.2']
['LSP', 'B', 'SEQ:8', 'A 6.5', 'C 1.1', 'D 4.2', 'E 3.2']
['LSP', 'B', 'SEQ:8', 'A 6.5', 'C 1.1', 'D 4.2', 'E 3.2']
['LSP', 'B', 'SEQ:9', 'A 6.5', 'C 1.1', 'D 4.2', 'E 3.2']
I am router D
Least cost path to router B:DCB and the cost: 2.7
Least cost path to router E:DE and the cost: 2.9
Least cost path to router F:DF and the cost: 0.7
Least cost path to router C:DC and the cost: 1.6
Least cost path to router A:DFA and the cost: 2.9000000000000004
['LSP', 'C', 'SEQ:9', 'B 1.1', 'D 1.6']
['LSP', 'C', 'SEQ:8', 'B 1.1', 'D 1.6']
['LSP', 'E', 'SEQ:8', 'B 3.2', 'D 2.9', 'F 6.2']
['LSP', 'E', 'SEQ:9', 'B 3.2', 'D 2.9', 'F 6.2']
['LSP', 'F', 'SEQ:9', 'A 2.2', 'D 0.7', 'E 6.2']
['LSP', 'F', 'SEQ:8', 'A 2.2', 'D 0.7', 'E 6.2']
['LSP', 'D', 'SEQ:8', 'F 0.7', 'B 4.2', 'C 1.6', 'E 2.9']
['LSP', 'A', 'SEQ:8', 'B 6.5', 'F 2.2']
['LSP', 'D', 'SEQ:8', 'F 0.7', 'B 4.2', 'C 1.6', 'E 2.9']
['LSP', 'A', 'SEQ:7', 'B 6.5', 'F 2.2']
['LSP', 'C', 'SEQ:7', 'B 1.1', 'D 1.6']
['LSP', 'B', 'SEQ:10', 'A 6.5', 'C 1.1', 'D 4.2', 'E 3.2']
['LSP', 'B', 'SEQ:9', 'A 6.5', 'C 1.1', 'D 4.2', 'E 3.2']
['LSP', 'B', 'SEQ:9', 'A 6.5', 'C 1.1', 'D 4.2', 'E 3.2']
['LSP', 'E', 'SEQ:10', 'B 3.2', 'D 2.9', 'F 6.2']
['LSP', 'C', 'SEQ:10', 'B 1.1', 'D 1.6']
['LSP', 'D', 'SEQ:9', 'F 0.7', 'B 4.2', 'C 1.6', 'E 2.9']
['LSP', 'C', 'SEQ:8', 'B 1.1', 'D 1.6']
['LSP', 'F', 'SEQ:10', 'A 2.2', 'D 0.7', 'E 6.2']
['LSP', 'D', 'SEQ:9', 'F 0.7', 'B 4.2', 'C 1.6', 'E 2.9']
['LSP', 'E', 'SEQ:9', 'B 3.2', 'D 2.9', 'F 6.2']
['LSP', 'A', 'SEQ:9', 'B 6.5', 'F 2.2']
['LSP', 'A', 'SEQ:9', 'B 6.5', 'F 2.2']
['LSP', 'F', 'SEQ:8', 'A 2.2', 'D 0.7', 'E 6.2']
['LSP', 'B', 'SEQ:11', 'A 6.5', 'C 1.1', 'D 4.2', 'E 3.2']
['LSP', 'E', 'SEQ:11', 'B 3.2', 'D 2.9', 'F 6.2']
['LSP', 'C', 'SEQ:11', 'B 1.1', 'D 1.6']
['LSP', 'F', 'SEQ:11', 'A 2.2', 'D 0.7', 'E 6.2']
['LSP', 'A', 'SEQ:9', 'B 6.5', 'F 2.2']
['LSP', 'E', 'SEQ:9', 'B 3.2', 'D 2.9', 'F 6.2']
['LSP', 'E', 'SEQ:9', 'B 3.2', 'D 2.9', 'F 6.2']
['LSP', 'B', 'SEQ:12', 'A 6.5', 'C 1.1', 'D 4.2', 'E 3.2']
['LSP', 'F', 'SEQ:12', 'A 2.2', 'D 0.7', 'E 6.2']
['LSP', 'E', 'SEQ:12', 'B 3.2', 'D 2.9', 'F 6.2']
['LSP', 'C', 'SEQ:12', 'B 1.1', 'D 1.6']
['LSP', 'F', 'SEQ:13', 'A 2.2', 'D 0.7', 'E 6.2']
['LSP', 'E', 'SEQ:13', 'B 3.2', 'D 2.9', 'F 6.2']
['LSP', 'C', 'SEQ:13', 'B 1.1', 'D 1.6']
['LSP', 'F', 'SEQ:14', 'A 2.2', 'D 0.7', 'E 6.2']
['LSP', 'E', 'SEQ:14', 'B 3.2', 'D 2.9', 'F 6.2']
['LSP', 'C', 'SEQ:14', 'B 1.1', 'D 1.6']
['LSP', 'E', 'SEQ:15', 'B 3.2', 'D 2.9', 'F 6.2']
['LSP', 'C', 'SEQ:15', 'B 1.1', 'D 1.6']
['LSP', 'F', 'SEQ:15', 'A 2.2', 'D 0.7', 'E 6.2']
['LSP', 'C', 'SEQ:16', 'B 1.1', 'D 1.6']
['LSP', 'E', 'SEQ:16', 'B 3.2', 'D 2.9', 'F 6.2']
['LSP', 'F', 'SEQ:16', 'A 2.2', 'D 0.7', 'E 6.2']
['LSP', 'E', 'SEQ:17', 'B 3.2', 'D 2.9', 'F 6.2']
['LSP', 'C', 'SEQ:17', 'B 1.1', 'D 1.6']
['LSP', 'F', 'SEQ:17', 'A 2.2', 'D 0.7', 'E 6.2']
['LSP', 'E', 'SEQ:18', 'B 3.2', 'D 2.9', 'F 6.2']
['LSP', 'C', 'SEQ:18', 'B 1.1', 'D 1.6']
['LSP', 'F', 'SEQ:18', 'A 2.2', 'D 0.7', 'E 6.2']
Djikstra
['LSP', 'E', 'SEQ:19', 'B 3.2', 'D 2.9', 'F 6.2']
['LSP', 'C', 'SEQ:19', 'B 1.1', 'D 1.6']
['LSP', 'F', 'SEQ:19', 'A 2.2', 'D 0.7', 'E 6.2']
['LSP', 'C', 'SEQ:20', 'B 1.1', 'D 1.6']
['LSP', 'E', 'SEQ:20', 'B 3.2', 'D 2.9', 'F 6.2']
['LSP', 'F', 'SEQ:20', 'A 2.2', 'D 0.7', 'E 6.2']
['LSP', 'E', 'SEQ:21', 'B 3.2', 'D 2.9', 'F 6.2']
['LSP', 'C', 'SEQ:21', 'B 1.1', 'D 1.6']
['LSP', 'F', 'SEQ:21', 'A 2.2', 'D 0.7', 'E 6.2']
['LSP', 'F', 'SEQ:22', 'A 2.2', 'D 0.7', 'E 6.2']
['LSP', 'C', 'SEQ:22', 'B 1.1', 'D 1.6']
['LSP', 'E', 'SEQ:22', 'B 3.2', 'D 2.9', 'F 6.2']
['LSP', 'E', 'SEQ:23', 'B 3.2', 'D 2.9', 'F 6.2']
['LSP', 'F', 'SEQ:23', 'A 2.2', 'D 0.7', 'E 6.2']
['LSP', 'C', 'SEQ:23', 'B 1.1', 'D 1.6']
['LSP', 'C', 'SEQ:24', 'B 1.1', 'D 1.6']
['LSP', 'F', 'SEQ:24', 'A 2.2', 'D 0.7', 'E 6.2']
['LSP', 'E', 'SEQ:24', 'B 3.2', 'D 2.9', 'F 6.2']
['LSP', 'C', 'SEQ:25', 'B 1.1', 'D 1.6']
['LSP', 'E', 'SEQ:25', 'B 3.2', 'D 2.9', 'F 6.2']
['LSP', 'F', 'SEQ:25', 'A 2.2', 'D 0.7', 'E 6.2']
['LSP', 'F', 'SEQ:26', 'A 2.2', 'D 0.7', 'E 6.2']
['LSP', 'C', 'SEQ:26', 'B 1.1', 'D 1.6']
['LSP', 'E', 'SEQ:26', 'B 3.2', 'D 2.9', 'F 6.2']
['LSP', 'C', 'SEQ:27', 'B 1.1', 'D 1.6']
['LSP', 'F', 'SEQ:27', 'A 2.2', 'D 0.7', 'E 6.2']
['LSP', 'E', 'SEQ:27', 'B 3.2', 'D 2.9', 'F 6.2']
['LSP', 'C', 'SEQ:28', 'B 1.1', 'D 1.6']
['LSP', 'E', 'SEQ:28', 'B 3.2', 'D 2.9', 'F 6.2']
['LSP', 'F', 'SEQ:28', 'A 2.2', 'D 0.7', 'E 6.2']
['LSP', 'C', 'SEQ:29', 'B 1.1', 'D 1.6']
['LSP', 'E', 'SEQ:29', 'B 3.2', 'D 2.9', 'F 6.2']
['LSP', 'F', 'SEQ:29', 'A 2.2', 'D 0.7', 'E 6.2']
['LSP', 'C', 'SEQ:30', 'B 1.1', 'D 1.6']
['LSP', 'F', 'SEQ:30', 'A 2.2', 'D 0.7', 'E 6.2']
['LSP', 'E', 'SEQ:30', 'B 3.2', 'D 2.9', 'F 6.2']
['LSP', 'C', 'SEQ:31', 'B 1.1', 'D 1.6']
['LSP', 'F', 'SEQ:31', 'A 2.2', 'D 0.7', 'E 6.2']
['LSP', 'E', 'SEQ:31', 'B 3.2', 'D 2.9', 'F 6.2']
['LSP', 'F', 'SEQ:32', 'A 2.2', 'D 0.7', 'E 6.2']
['LSP', 'C', 'SEQ:32', 'B 1.1', 'D 1.6']
['LSP', 'E', 'SEQ:32', 'B 3.2', 'D 2.9', 'F 6.2']
['LSP', 'C', 'SEQ:33', 'B 1.1', 'D 1.6']
['LSP', 'F', 'SEQ:33', 'A 2.2', 'D 0.7', 'E 6.2']
['LSP', 'E', 'SEQ:33', 'B 3.2', 'D 2.9', 'F 6.2']
['LSP', 'F', 'SEQ:34', 'A 2.2', 'D 0.7', 'E 6.2']
['LSP', 'C', 'SEQ:34', 'B 1.1', 'D 1.6']
['LSP', 'E', 'SEQ:34', 'B 3.2', 'D 2.9', 'F 6.2']
['LSP', 'E', 'SEQ:35', 'B 3.2', 'D 2.9', 'F 6.2']
['LSP', 'F', 'SEQ:35', 'A 2.2', 'D 0.7', 'E 6.2']
['LSP', 'C', 'SEQ:35', 'B 1.1', 'D 1.6']
['LSP', 'C', 'SEQ:36', 'B 1.1', 'D 1.6']
['LSP', 'E', 'SEQ:36', 'B 3.2', 'D 2.9', 'F 6.2']
['LSP', 'F', 'SEQ:36', 'A 2.2', 'D 0.7', 'E 6.2']
['LSP', 'F', 'SEQ:37', 'A 2.2', 'D 0.7', 'E 6.2']
['LSP', 'E', 'SEQ:37', 'B 3.2', 'D 2.9', 'F 6.2']
['LSP', 'C', 'SEQ:37', 'B 1.1', 'D 1.6']
['LSP', 'E', 'SEQ:38', 'B 3.2', 'D 2.9', 'F 6.2']
['LSP', 'F', 'SEQ:38', 'A 2.2', 'D 0.7', 'E 6.2']
['LSP', 'C', 'SEQ:38', 'B 1.1', 'D 1.6']
I am router D
Least cost path to router B:DCB and the cost: 2.7
Least cost path to router E:DE and the cost: 2.9
Least cost path to router F:DF and the cost: 0.7
Least cost path to router C:DC and the cost: 1.6
Least cost path to router A:DFA and the cost: 2.9000000000000004
['LSP', 'C', 'SEQ:39', 'B 1.1', 'D 1.6']
['LSP', 'F', 'SEQ:39', 'A 2.2', 'D 0.7', 'E 6.2']
['LSP', 'E', 'SEQ:39', 'B 3.2', 'D 2.9', 'F 6.2']
['LSP', 'E', 'SEQ:40', 'B 3.2', 'D 2.9', 'F 6.2']
['LSP', 'F', 'SEQ:40', 'A 2.2', 'D 0.7', 'E 6.2']
['LSP', 'C', 'SEQ:40', 'B 1.1', 'D 1.6']
['LSP', 'F', 'SEQ:41', 'A 2.2', 'D 0.7', 'E 6.2']
['LSP', 'E', 'SEQ:41', 'B 3.2', 'D 2.9', 'F 6.2']
['LSP', 'C', 'SEQ:41', 'B 1.1', 'D 1.6']
['LSP', 'E', 'SEQ:42', 'B 3.2', 'D 2.9', 'F 6.2']
['LSP', 'C', 'SEQ:42', 'B 1.1', 'D 1.6']
['LSP', 'F', 'SEQ:42', 'A 2.2', 'D 0.7', 'E 6.2']
['LSP', 'F', 'SEQ:43', 'A 2.2', 'D 0.7', 'E 6.2']
['LSP', 'C', 'SEQ:43', 'B 1.1', 'D 1.6']
['LSP', 'E', 'SEQ:43', 'B 3.2', 'D 2.9', 'F 6.2']
['LSP', 'F', 'SEQ:44', 'A 2.2', 'D 0.7', 'E 6.2']
['LSP', 'C', 'SEQ:44', 'B 1.1', 'D 1.6']
['LSP', 'E', 'SEQ:44', 'B 3.2', 'D 2.9', 'F 6.2']
['LSP', 'C', 'SEQ:45', 'B 1.1', 'D 1.6']
['LSP', 'F', 'SEQ:45', 'A 2.2', 'D 0.7', 'E 6.2']
['LSP', 'E', 'SEQ:45', 'B 3.2', 'D 2.9', 'F 6.2']
['LSP', 'F', 'SEQ:46', 'A 2.2', 'D 0.7', 'E 6.2']
['LSP', 'C', 'SEQ:46', 'B 1.1', 'D 1.6']
['LSP', 'E', 'SEQ:46', 'B 3.2', 'D 2.9', 'F 6.2']
['LSP', 'E', 'SEQ:47', 'B 3.2', 'D 2.9', 'F 6.2']
['LSP', 'C', 'SEQ:47', 'B 1.1', 'D 1.6']
['LSP', 'F', 'SEQ:47', 'A 2.2', 'D 0.7', 'E 6.2']
['LSP', 'F', 'SEQ:48', 'A 2.2', 'D 0.7', 'E 6.2']
['LSP', 'C', 'SEQ:48', 'B 1.1', 'D 1.6']
['LSP', 'E', 'SEQ:48', 'B 3.2', 'D 2.9', 'F 6.2']
Djikstra
['LSP', 'C', 'SEQ:49', 'B 1.1', 'D 1.6']
['LSP', 'E', 'SEQ:49', 'B 3.2', 'D 2.9', 'F 6.2']
['LSP', 'F', 'SEQ:49', 'A 2.2', 'D 0.7', 'E 6.2']
['LSP', 'C', 'SEQ:50', 'B 1.1', 'D 1.6']
['LSP', 'E', 'SEQ:50', 'B 3.2', 'D 2.9', 'F 6.2']
['LSP', 'F', 'SEQ:50', 'A 2.2', 'D 0.7', 'E 6.2']
['LSP', 'E', 'SEQ:51', 'B 3.2', 'D 2.9', 'F 6.2']
['LSP', 'C', 'SEQ:51', 'B 1.1', 'D 1.6']
['LSP', 'F', 'SEQ:51', 'A 2.2', 'D 0.7', 'E 6.2']
['LSP', 'F', 'SEQ:52', 'A 2.2', 'D 0.7', 'E 6.2']
['LSP', 'E', 'SEQ:52', 'B 3.2', 'D 2.9', 'F 6.2']
['LSP', 'C', 'SEQ:52', 'B 1.1', 'D 1.6']
['LSP', 'C', 'SEQ:53', 'B 1.1', 'D 1.6']
['LSP', 'E', 'SEQ:53', 'B 3.2', 'D 2.9', 'F 6.2']
['LSP', 'F', 'SEQ:53', 'A 2.2', 'D 0.7', 'E 6.2']
['LSP', 'E', 'SEQ:54', 'B 3.2', 'D 2.9', 'F 6.2']
['LSP', 'C', 'SEQ:54', 'B 1.1', 'D 1.6']
['LSP', 'F', 'SEQ:54', 'A 2.2', 'D 0.7', 'E 6.2']
['LSP', 'C', 'SEQ:55', 'B 1.1', 'D 1.6']
['LSP', 'E', 'SEQ:55', 'B 3.2', 'D 2.9', 'F 6.2']
['LSP', 'F', 'SEQ:55', 'A 2.2', 'D 0.7', 'E 6.2']
['LSP', 'F', 'SEQ:56', 'A 2.2', 'D 0.7', 'E 6.2']
['LSP', 'E', 'SEQ:56', 'B 3.2', 'D 2.9', 'F 6.2']
['LSP', 'C', 'SEQ:56', 'B 1.1', 'D 1.6']
['LSP', 'E', 'SEQ:57', 'B 3.2', 'D 2.9', 'F 6.2']
['LSP', 'F', 'SEQ:57', 'A 2.2', 'D 0.7', 'E 6.2']
['LSP', 'C', 'SEQ:57', 'B 1.1', 'D 1.6']
['LSP', 'C', 'SEQ:58', 'B 1.1', 'D 1.6']
['LSP', 'F', 'SEQ:58', 'A 2.2', 'D 0.7', 'E 6.2']
['LSP', 'E', 'SEQ:58', 'B 3.2', 'D 2.9', 'F 6.2']
['LSP', 'C', 'SEQ:59', 'B 1.1', 'D 1.6']
['LSP', 'F', 'SEQ:59', 'A 2.2', 'D 0.7', 'E 6.2']
['LSP', 'E', 'SEQ:59', 'B 3.2', 'D 2.9', 'F 6.2']
['LSP', 'C', 'SEQ:60', 'B 1.1', 'D 1.6']
['LSP', 'E', 'SEQ:60', 'B 3.2', 'D 2.9', 'F 6.2']
['LSP', 'F', 'SEQ:60', 'A 2.2', 'D 0.7', 'E 6.2']
['LSP', 'E', 'SEQ:61', 'B 3.2', 'D 2.9', 'F 6.2']
['LSP', 'C', 'SEQ:61', 'B 1.1', 'D 1.6']
['LSP', 'F', 'SEQ:61', 'A 2.2', 'D 0.7', 'E 6.2']
['LSP', 'E', 'SEQ:62', 'B 3.2', 'D 2.9', 'F 6.2']
['LSP', 'C', 'SEQ:62', 'B 1.1', 'D 1.6']
['LSP', 'F', 'SEQ:62', 'A 2.2', 'D 0.7', 'E 6.2']
['LSP', 'C', 'SEQ:63', 'B 1.1', 'D 1.6']
['LSP', 'F', 'SEQ:63', 'A 2.2', 'D 0.7', 'E 6.2']
['LSP', 'E', 'SEQ:63', 'B 3.2', 'D 2.9', 'F 6.2']
['LSP', 'E', 'SEQ:64', 'B 3.2', 'D 2.9', 'F 6.2']
['LSP', 'F', 'SEQ:64', 'A 2.2', 'D 0.7', 'E 6.2']
['LSP', 'C', 'SEQ:64', 'B 1.1', 'D 1.6']
['LSP', 'C', 'SEQ:65', 'B 1.1', 'D 1.6']
['LSP', 'F', 'SEQ:65', 'A 2.2', 'D 0.7', 'E 6.2']
['LSP', 'E', 'SEQ:65', 'B 3.2', 'D 2.9', 'F 6.2']
['LSP', 'C', 'SEQ:66', 'B 1.1', 'D 1.6']
['LSP', 'F', 'SEQ:66', 'A 2.2', 'D 0.7', 'E 6.2']
['LSP', 'E', 'SEQ:66', 'B 3.2', 'D 2.9', 'F 6.2']
['LSP', 'F', 'SEQ:67', 'A 2.2', 'D 0.7', 'E 6.2']
['LSP', 'E', 'SEQ:67', 'B 3.2', 'D 2.9', 'F 6.2']
['LSP', 'C', 'SEQ:67', 'B 1.1', 'D 1.6']
['LSP', 'E', 'SEQ:68', 'B 3.2', 'D 2.9', 'F 6.2']
['LSP', 'F', 'SEQ:68', 'A 2.2', 'D 0.7', 'E 6.2']
['LSP', 'C', 'SEQ:68', 'B 1.1', 'D 1.6']
I am router D
Least cost path to router B:DCB and the cost: 2.7
Least cost path to router E:DE and the cost: 2.9
Least cost path to router F:DF and the cost: 0.7
Least cost path to router C:DC and the cost: 1.6
Least cost path to router A:DFA and the cost: 2.9000000000000004
['LSP', 'F', 'SEQ:69', 'A 2.2', 'D 0.7', 'E 6.2']
['LSP', 'E', 'SEQ:69', 'B 3.2', 'D 2.9', 'F 6.2']
['LSP', 'C', 'SEQ:69', 'B 1.1', 'D 1.6']
['LSP', 'F', 'SEQ:70', 'A 2.2', 'D 0.7', 'E 6.2']
['LSP', 'E', 'SEQ:70', 'B 3.2', 'D 2.9', 'F 6.2']
['LSP', 'C', 'SEQ:70', 'B 1.1', 'D 1.6']
['LSP', 'C', 'SEQ:71', 'B 1.1', 'D 1.6']
['LSP', 'F', 'SEQ:71', 'A 2.2', 'D 0.7', 'E 6.2']
['LSP', 'E', 'SEQ:71', 'B 3.2', 'D 2.9', 'F 6.2']
['LSP', 'C', 'SEQ:72', 'B 1.1', 'D 1.6']
['LSP', 'F', 'SEQ:72', 'A 2.2', 'D 0.7', 'E 6.2']
['LSP', 'E', 'SEQ:72', 'B 3.2', 'D 2.9', 'F 6.2']
['LSP', 'E', 'SEQ:73', 'B 3.2', 'D 2.9', 'F 6.2']
['LSP', 'C', 'SEQ:73', 'B 1.1', 'D 1.6']
['LSP', 'F', 'SEQ:73', 'A 2.2', 'D 0.7', 'E 6.2']
['LSP', 'C', 'SEQ:74', 'B 1.1', 'D 1.6']
['LSP', 'F', 'SEQ:74', 'A 2.2', 'D 0.7', 'E 6.2']
['LSP', 'E', 'SEQ:74', 'B 3.2', 'D 2.9', 'F 6.2']
['LSP', 'C', 'SEQ:75', 'B 1.1', 'D 1.6']
['LSP', 'F', 'SEQ:75', 'A 2.2', 'D 0.7', 'E 6.2']
['LSP', 'E', 'SEQ:75', 'B 3.2', 'D 2.9', 'F 6.2']
['LSP', 'F', 'SEQ:76', 'A 2.2', 'D 0.7', 'E 6.2']
['LSP', 'E', 'SEQ:76', 'B 3.2', 'D 2.9', 'F 6.2']
['LSP', 'C', 'SEQ:76', 'B 1.1', 'D 1.6']
['LSP', 'C', 'SEQ:77', 'B 1.1', 'D 1.6']
['LSP', 'E', 'SEQ:77', 'B 3.2', 'D 2.9', 'F 6.2']
['LSP', 'F', 'SEQ:77', 'A 2.2', 'D 0.7', 'E 6.2']
['LSP', 'E', 'SEQ:78', 'B 3.2', 'D 2.9', 'F 6.2']
['LSP', 'C', 'SEQ:78', 'B 1.1', 'D 1.6']
['LSP', 'F', 'SEQ:78', 'A 2.2', 'D 0.7', 'E 6.2']
Djikstra
['LSP', 'F', 'SEQ:79', 'A 2.2', 'D 0.7', 'E 6.2']
['LSP', 'E', 'SEQ:79', 'B 3.2', 'D 2.9', 'F 6.2']
['LSP', 'C', 'SEQ:79', 'B 1.1', 'D 1.6']
['LSP', 'F', 'SEQ:80', 'A 2.2', 'D 0.7', 'E 6.2']
['LSP', 'E', 'SEQ:80', 'B 3.2', 'D 2.9', 'F 6.2']
['LSP', 'C', 'SEQ:80', 'B 1.1', 'D 1.6']
['LSP', 'F', 'SEQ:81', 'A 2.2', 'D 0.7', 'E 6.2']
['LSP', 'C', 'SEQ:81', 'B 1.1', 'D 1.6']
['LSP', 'E', 'SEQ:81', 'B 3.2', 'D 2.9', 'F 6.2']
['LSP', 'C', 'SEQ:82', 'B 1.1', 'D 1.6']
['LSP', 'F', 'SEQ:82', 'A 2.2', 'D 0.7', 'E 6.2']
['LSP', 'E', 'SEQ:82', 'B 3.2', 'D 2.9', 'F 6.2']
['LSP', 'E', 'SEQ:83', 'B 3.2', 'D 2.9', 'F 6.2']
['LSP', 'F', 'SEQ:83', 'A 2.2', 'D 0.7', 'E 6.2']
['LSP', 'C', 'SEQ:83', 'B 1.1', 'D 1.6']
['LSP', 'C', 'SEQ:84', 'B 1.1', 'D 1.6']
['LSP', 'E', 'SEQ:84', 'B 3.2', 'D 2.9', 'F 6.2']
['LSP', 'F', 'SEQ:84', 'A 2.2', 'D 0.7', 'E 6.2']
['LSP', 'F', 'SEQ:85', 'A 2.2', 'D 0.7', 'E 6.2']
['LSP', 'E', 'SEQ:85', 'B 3.2', 'D 2.9', 'F 6.2']
['LSP', 'C', 'SEQ:85', 'B 1.1', 'D 1.6']
['LSP', 'F', 'SEQ:86', 'A 2.2', 'D 0.7', 'E 6.2']
['LSP', 'C', 'SEQ:86', 'B 1.1', 'D 1.6']
['LSP', 'E', 'SEQ:86', 'B 3.2', 'D 2.9', 'F 6.2']
['LSP', 'E', 'SEQ:87', 'B 3.2', 'D 2.9', 'F 6.2']
['LSP', 'F', 'SEQ:87', 'A 2.2', 'D 0.7', 'E 6.2']
['LSP', 'C', 'SEQ:87', 'B 1.1', 'D 1.6']
['LSP', 'C', 'SEQ:88', 'B 1.1', 'D 1.6']
['LSP', 'F', 'SEQ:88', 'A 2.2', 'D 0.7', 'E 6.2']
['LSP', 'E', 'SEQ:88', 'B 3.2', 'D 2.9', 'F 6.2']
['LSP', 'C', 'SEQ:89', 'B 1.1', 'D 1.6']
['LSP', 'E', 'SEQ:89', 'B 3.2', 'D 2.9', 'F 6.2']
['LSP', 'F', 'SEQ:89', 'A 2.2', 'D 0.7', 'E 6.2']
['LSP', 'C', 'SEQ:90', 'B 1.1', 'D 1.6']
['LSP', 'E', 'SEQ:90', 'B 3.2', 'D 2.9', 'F 6.2']
['LSP', 'F', 'SEQ:90', 'A 2.2', 'D 0.7', 'E 6.2']
['LSP', 'E', 'SEQ:91', 'B 3.2', 'D 2.9', 'F 6.2']
['LSP', 'C', 'SEQ:91', 'B 1.1', 'D 1.6']
['LSP', 'F', 'SEQ:91', 'A 2.2', 'D 0.7', 'E 6.2']
['LSP', 'D', 'SEQ:90', 'F 0.7', 'B 4.2', 'C 1.6', 'E 2.9']
['LSP', 'F', 'SEQ:90', 'A 2.2', 'D 0.7', 'E 6.2']
['LSP', 'D', 'SEQ:90', 'F 0.7', 'B 4.2', 'C 1.6', 'E 2.9']
['LSP', 'A', 'SEQ:90', 'B 6.5', 'F 2.2']
['LSP', 'D', 'SEQ:90', 'F 0.7', 'B 4.2', 'C 1.6', 'E 2.9']
['LSP', 'E', 'SEQ:90', 'B 3.2', 'D 2.9', 'F 6.2']
['LSP', 'E', 'SEQ:92', 'B 3.2', 'D 2.9', 'F 6.2']
['LSP', 'C', 'SEQ:92', 'B 1.1', 'D 1.6']
['LSP', 'A', 'SEQ:91', 'B 6.5', 'F 2.2']
['LSP', 'D', 'SEQ:91', 'F 0.7', 'B 4.2', 'C 1.6', 'E 2.9']
['LSP', 'A', 'SEQ:90', 'B 6.5', 'F 2.2']
['LSP', 'F', 'SEQ:92', 'A 2.2', 'D 0.7', 'E 6.2']
['LSP', 'C', 'SEQ:90', 'B 1.1', 'D 1.6']
['LSP', 'C', 'SEQ:90', 'B 1.1', 'D 1.6']
['LSP', 'E', 'SEQ:90', 'B 3.2', 'D 2.9', 'F 6.2']
['LSP', 'C', 'SEQ:93', 'B 1.1', 'D 1.6']
['LSP', 'E', 'SEQ:93', 'B 3.2', 'D 2.9', 'F 6.2']
['LSP', 'D', 'SEQ:92', 'F 0.7', 'B 4.2', 'C 1.6', 'E 2.9']
['LSP', 'F', 'SEQ:93', 'A 2.2', 'D 0.7', 'E 6.2']
['LSP', 'E', 'SEQ:91', 'B 3.2', 'D 2.9', 'F 6.2']
['LSP', 'F', 'SEQ:92', 'A 2.2', 'D 0.7', 'E 6.2']
['LSP', 'D', 'SEQ:92', 'F 0.7', 'B 4.2', 'C 1.6', 'E 2.9']
['LSP', 'A', 'SEQ:92', 'B 6.5', 'F 2.2']
['LSP', 'D', 'SEQ:92', 'F 0.7', 'B 4.2', 'C 1.6', 'E 2.9']
['LSP', 'E', 'SEQ:94', 'B 3.2', 'D 2.9', 'F 6.2']
['LSP', 'A', 'SEQ:93', 'B 6.5', 'F 2.2']
['LSP', 'C', 'SEQ:94', 'B 1.1', 'D 1.6']
['LSP', 'F', 'SEQ:94', 'A 2.2', 'D 0.7', 'E 6.2']
['LSP', 'E', 'SEQ:92', 'B 3.2', 'D 2.9', 'F 6.2']
['LSP', 'D', 'SEQ:93', 'F 0.7', 'B 4.2', 'C 1.6', 'E 2.9']
['LSP', 'A', 'SEQ:92', 'B 6.5', 'F 2.2']
['LSP', 'E', 'SEQ:92', 'B 3.2', 'D 2.9', 'F 6.2']
['LSP', 'C', 'SEQ:95', 'B 1.1', 'D 1.6']
['LSP', 'E', 'SEQ:95', 'B 3.2', 'D 2.9', 'F 6.2']
['LSP', 'A', 'SEQ:94', 'B 6.5', 'F 2.2']
['LSP', 'F', 'SEQ:95', 'A 2.2', 'D 0.7', 'E 6.2']
['LSP', 'E', 'SEQ:94', 'B 3.2', 'D 2.9', 'F 6.2']
['LSP', 'D', 'SEQ:94', 'F 0.7', 'B 4.2', 'C 1.6', 'E 2.9']
['LSP', 'C', 'SEQ:96', 'B 1.1', 'D 1.6']
['LSP', 'E', 'SEQ:96', 'B 3.2', 'D 2.9', 'F 6.2']
['LSP', 'A', 'SEQ:95', 'B 6.5', 'F 2.2']
['LSP', 'F', 'SEQ:96', 'A 2.2', 'D 0.7', 'E 6.2']
['LSP', 'D', 'SEQ:95', 'F 0.7', 'B 4.2', 'C 1.6', 'E 2.9']
['LSP', 'E', 'SEQ:94', 'B 3.2', 'D 2.9', 'F 6.2']
['LSP', 'C', 'SEQ:94', 'B 1.1', 'D 1.6']
['LSP', 'F', 'SEQ:94', 'A 2.2', 'D 0.7', 'E 6.2']
['LSP', 'A', 'SEQ:93', 'B 6.5', 'F 2.2']
['LSP', 'F', 'SEQ:95', 'A 2.2', 'D 0.7', 'E 6.2']
['LSP', 'D', 'SEQ:95', 'F 0.7', 'B 4.2', 'C 1.6', 'E 2.9']
['LSP', 'A', 'SEQ:94', 'B 6.5', 'F 2.2']
['LSP', 'E', 'SEQ:94', 'B 3.2', 'D 2.9', 'F 6.2']
['LSP', 'C', 'SEQ:94', 'B 1.1', 'D 1.6']
['LSP', 'E', 'SEQ:97', 'B 3.2', 'D 2.9', 'F 6.2']
['LSP', 'C', 'SEQ:97', 'B 1.1', 'D 1.6']
['LSP', 'A', 'SEQ:94', 'B 6.5', 'F 2.2']
['LSP', 'F', 'SEQ:97', 'A 2.2', 'D 0.7', 'E 6.2']
['LSP', 'E', 'SEQ:96', 'B 3.2', 'D 2.9', 'F 6.2']
['LSP', 'F', 'SEQ:95', 'A 2.2', 'D 0.7', 'E 6.2']
['LSP', 'D', 'SEQ:96', 'F 0.7', 'B 4.2', 'C 1.6', 'E 2.9']
['LSP', 'E', 'SEQ:98', 'B 3.2', 'D 2.9', 'F 6.2']
['LSP', 'C', 'SEQ:98', 'B 1.1', 'D 1.6']
['LSP', 'A', 'SEQ:97', 'B 6.5', 'F 2.2']
['LSP', 'F', 'SEQ:98', 'A 2.2', 'D 0.7', 'E 6.2']
['LSP', 'D', 'SEQ:97', 'F 0.7', 'B 4.2', 'C 1.6', 'E 2.9']
['LSP', 'D', 'SEQ:97', 'F 0.7', 'B 4.2', 'C 1.6', 'E 2.9']
['LSP', 'E', 'SEQ:96', 'B 3.2', 'D 2.9', 'F 6.2']
['LSP', 'A', 'SEQ:95', 'B 6.5', 'F 2.2']
['LSP', 'F', 'SEQ:97', 'A 2.2', 'D 0.7', 'E 6.2']
['LSP', 'E', 'SEQ:96', 'B 3.2', 'D 2.9', 'F 6.2']
I am router D
Least cost path to router B:DCB and the cost: 2.7
Least cost path to router E:DE and the cost: 2.9
Least cost path to router F:DF and the cost: 0.7
Least cost path to router C:DC and the cost: 1.6
Least cost path to router A:DFA and the cost: 2.9000000000000004
['LSP', 'C', 'SEQ:99', 'B 1.1', 'D 1.6']
['LSP', 'E', 'SEQ:99', 'B 3.2', 'D 2.9', 'F 6.2']
['LSP', 'A', 'SEQ:97', 'B 6.5', 'F 2.2']
['LSP', 'E', 'SEQ:98', 'B 3.2', 'D 2.9', 'F 6.2']
['LSP', 'F', 'SEQ:99', 'A 2.2', 'D 0.7', 'E 6.2']
['LSP', 'F', 'SEQ:97', 'A 2.2', 'D 0.7', 'E 6.2']
['LSP', 'D', 'SEQ:98', 'F 0.7', 'B 4.2', 'C 1.6', 'E 2.9']
['LSP', 'E', 'SEQ:100', 'B 3.2', 'D 2.9', 'F 6.2']
['LSP', 'C', 'SEQ:100', 'B 1.1', 'D 1.6']
['LSP', 'C', 'SEQ:98', 'B 1.1', 'D 1.6']
['LSP', 'C', 'SEQ:98', 'B 1.1', 'D 1.6']
['LSP', 'E', 'SEQ:98', 'B 3.2', 'D 2.9', 'F 6.2']
['LSP', 'C', 'SEQ:98', 'B 1.1', 'D 1.6']
['LSP', 'A', 'SEQ:97', 'B 6.5', 'F 2.2']
['LSP', 'D', 'SEQ:99', 'F 0.7', 'B 4.2', 'C 1.6', 'E 2.9']
['LSP', 'D', 'SEQ:99', 'F 0.7', 'B 4.2', 'C 1.6', 'E 2.9']
['LSP', 'F', 'SEQ:100', 'A 2.2', 'D 0.7', 'E 6.2']
['LSP', 'C', 'SEQ:101', 'B 1.1', 'D 1.6']
['LSP', 'E', 'SEQ:101', 'B 3.2', 'D 2.9', 'F 6.2']
['LSP', 'F', 'SEQ:101', 'A 2.2', 'D 0.7', 'E 6.2']
['LSP', 'F', 'SEQ:99', 'A 2.2', 'D 0.7', 'E 6.2']
['LSP', 'E', 'SEQ:102', 'B 3.2', 'D 2.9', 'F 6.2']
['LSP', 'C', 'SEQ:102', 'B 1.1', 'D 1.6']