['LSP', 'B', 'SEQ:0', 'A 6.5', 'C 1.1', 'D 4.2', 'E 3.2']
['LSP', 'F', 'SEQ:0', 'A 2.2', 'D 0.7', 'E 6.2']
['LSP', 'D', 'SEQ:0', 'F 0.7', 'B 4.2', 'C 1.6', 'E 2.9']
['LSP', 'B', 'SEQ:1', 'A 6.5', 'C 1.1', 'D 4.2', 'E 3.2']
['LSP', 'B', 'SEQ:0', 'A 6.5', 'C 1.1', 'D 4.2', 'E 3.2']
['LSP', 'F', 'SEQ:1', 'A 2.2', 'D 0.7', 'E 6.2']
['LSP', 'E', 'SEQ:0', 'B 3.2', 'D 2.9', 'F 6.2']
['LSP', 'D', 'SEQ:1', 'F 0.7', 'B 4.2', 'C 1.6', 'E 2.9']
['LSP', 'E', 'SEQ:0', 'B 3.2', 'D 2.9', 'F 6.2']
['LSP', 'E', 'SEQ:0', 'B 3.2', 'D 2.9', 'F 6.2']
['LSP', 'A', 'SEQ:0', 'B 6.5', 'F 2.2']
['LSP', 'F', 'SEQ:0', 'A 2.2', 'D 0.7', 'E 6.2']
['LSP', 'D', 'SEQ:0', 'F 0.7', 'B 4.2', 'C 1.6', 'E 2.9']
['LSP', 'C', 'SEQ:0', 'B 1.1', 'D 1.6']
['LSP', 'A', 'SEQ:0', 'B 6.5', 'F 2.2']
['LSP', 'C', 'SEQ:0', 'B 1.1', 'D 1.6']
['LSP', 'D', 'SEQ:0', 'F 0.7', 'B 4.2', 'C 1.6', 'E 2.9']
['LSP', 'B', 'SEQ:2', 'A 6.5', 'C 1.1', 'D 4.2', 'E 3.2']
['LSP', 'B', 'SEQ:0', 'A 6.5', 'C 1.1', 'D 4.2', 'E 3.2']
['LSP', 'F', 'SEQ:2', 'A 2.2', 'D 0.7', 'E 6.2']
['LSP', 'C', 'SEQ:1', 'B 1.1', 'D 1.6']
['LSP', 'D', 'SEQ:2', 'F 0.7', 'B 4.2', 'C 1.6', 'E 2.9']
['LSP', 'B', 'SEQ:3', 'A 6.5', 'C 1.1', 'D 4.2', 'E 3.2']
['LSP', 'B', 'SEQ:2', 'A 6.5', 'C 1.1', 'D 4.2', 'E 3.2']
['LSP', 'E', 'SEQ:2', 'B 3.2', 'D 2.9', 'F 6.2']
['LSP', 'E', 'SEQ:2', 'B 3.2', 'D 2.9', 'F 6.2']
['LSP', 'D', 'SEQ:3', 'F 0.7', 'B 4.2', 'C 1.6', 'E 2.9']
['LSP', 'F', 'SEQ:3', 'A 2.2', 'D 0.7', 'E 6.2']
['LSP', 'F', 'SEQ:2', 'A 2.2', 'D 0.7', 'E 6.2']
['LSP', 'A', 'SEQ:2', 'B 6.5', 'F 2.2']
['LSP', 'C', 'SEQ:1', 'B 1.1', 'D 1.6']
['LSP', 'C', 'SEQ:2', 'B 1.1', 'D 1.6']
['LSP', 'C', 'SEQ:2', 'B 1.1', 'D 1.6']
['LSP', 'D', 'SEQ:2', 'F 0.7', 'B 4.2', 'C 1.6', 'E 2.9']
['LSP', 'A', 'SEQ:2', 'B 6.5', 'F 2.2']
['LSP', 'F', 'SEQ:1', 'A 2.2', 'D 0.7', 'E 6.2']
['LSP', 'F', 'SEQ:1', 'A 2.2', 'D 0.7', 'E 6.2']
['LSP', 'D', 'SEQ:2', 'F 0.7', 'B 4.2', 'C 1.6', 'E 2.9']
['LSP', 'B', 'SEQ:4', 'A 6.5', 'C 1.1', 'D 4.2', 'E 3.2']
['LSP', 'E', 'SEQ:3', 'B 3.2', 'D 2.9', 'F 6.2']
['LSP', 'D', 'SEQ:4', 'F 0.7', 'B 4.2', 'C 1.6', 'E 2.9']
['LSP', 'A', 'SEQ:3', 'B 6.5', 'F 2.2']
['LSP', 'F', 'SEQ:4', 'A 2.2', 'D 0.7', 'E 6.2']
['LSP', 'D', 'SEQ:2', 'F 0.7', 'B 4.2', 'C 1.6', 'E 2.9']
['LSP', 'B', 'SEQ:3', 'A 6.5', 'C 1.1', 'D 4.2', 'E 3.2']
['LSP', 'B', 'SEQ:5', 'A 6.5', 'C 1.1', 'D 4.2', 'E 3.2']
['LSP', 'B', 'SEQ:3', 'A 6.5', 'C 1.1', 'D 4.2', 'E 3.2']
['LSP', 'E', 'SEQ:4', 'B 3.2', 'D 2.9', 'F 6.2']
['LSP', 'E', 'SEQ:4', 'B 3.2', 'D 2.9', 'F 6.2']
['LSP', 'A', 'SEQ:4', 'B 6.5', 'F 2.2']
['LSP', 'C', 'SEQ:4', 'B 1.1', 'D 1.6']
['LSP', 'F', 'SEQ:3', 'A 2.2', 'D 0.7', 'E 6.2']
['LSP', 'D', 'SEQ:4', 'F 0.7', 'B 4.2', 'C 1.6', 'E 2.9']
['LSP', 'D', 'SEQ:5', 'F 0.7', 'B 4.2', 'C 1.6', 'E 2.9']
['LSP', 'F', 'SEQ:5', 'A 2.2', 'D 0.7', 'E 6.2']
['LSP', 'F', 'SEQ:4', 'A 2.2', 'D 0.7', 'E 6.2']
['LSP', 'B', 'SEQ:5', 'A 6.5', 'C 1.1', 'D 4.2', 'E 3.2']
['LSP', 'B', 'SEQ:6', 'A 6.5', 'C 1.1', 'D 4.2', 'E 3.2']
['LSP', 'A', 'SEQ:5', 'B 6.5', 'F 2.2']
['LSP', 'E', 'SEQ:5', 'B 3.2', 'D 2.9', 'F 6.2']
['LSP', 'D', 'SEQ:5', 'F 0.7', 'B 4.2', 'C 1.6', 'E 2.9']
['LSP', 'D', 'SEQ:6', 'F 0.7', 'B 4.2', 'C 1.6', 'E 2.9']
['LSP', 'C', 'SEQ:5', 'B 1.1', 'D 1.6']
['LSP', 'A', 'SEQ:4', 'B 6.5', 'F 2.2']
['LSP', 'F', 'SEQ:4', 'A 2.2', 'D 0.7', 'E 6.2']
['LSP', 'F', 'SEQ:6', 'A 2.2', 'D 0.7', 'E 6.2']
['LSP', 'F', 'SEQ:4', 'A 2.2', 'D 0.7', 'E 6.2']
['LSP', 'B', 'SEQ:7', 'A 6.5', 'C 1.1', 'D 4.2', 'E 3.2']
['LSP', 'B', 'SEQ:5', 'A 6.5', 'C 1.1', 'D 4.2', 'E 3.2']
['LSP', 'E', 'SEQ:6', 'B 3.2', 'D 2.9', 'F 6.2']
['LSP', 'C', 'SEQ:5', 'B 1.1', 'D 1.6']
['LSP', 'D', 'SEQ:7', 'F 0.7', 'B 4.2', 'C 1.6', 'E 2.9']
['LSP', 'F', 'SEQ:7', 'A 2.2', 'D 0.7', 'E 6.2']
['LSP', 'C', 'SEQ:6', 'B 1.1', 'D 1.6']
['LSP', 'F', 'SEQ:6', 'A 2.2', 'D 0.7', 'E 6.2']
['LSP', 'E', 'SEQ:6', 'B 3.2', 'D 2.9', 'F 6.2']
['LSP', 'B', 'SEQ:7', 'A 6.5', 'C 1.1', 'D 4.2', 'E 3.2']
['LSP', 'B', 'SEQ:8', 'A 6.5', 'C 1.1', 'D 4.2', 'E 3.2']
['LSP', 'C', 'SEQ:7', 'B 1.1', 'D 1.6']
['LSP', 'F', 'SEQ:6', 'A 2.2', 'D 0.7', 'E 6.2']
['LSP', 'F', 'SEQ:8', 'A 2.2', 'D 0.7', 'E 6.2']
['LSP', 'D', 'SEQ:8', 'F 0.7', 'B 4.2', 'C 1.6', 'E 2.9']
['LSP', 'A', 'SEQ:7', 'B 6.5', 'F 2.2']
['LSP', 'E', 'SEQ:7', 'B 3.2', 'D 2.9', 'F 6.2']
['LSP', 'F', 'SEQ:6', 'A 2.2', 'D 0.7', 'E 6.2']
['LSP', 'D', 'SEQ:7', 'F 0.7', 'B 4.2', 'C 1.6', 'E 2.9']
['LSP', 'B', 'SEQ:7', 'A 6.5', 'C 1.1', 'D 4.2', 'E 3.2']
['LSP', 'B', 'SEQ:9', 'A 6.5', 'C 1.1', 'D 4.2', 'E 3.2']
I am router E
Least cost path to router B:EB and the cost: 3.2
Least cost path to router F:EDF and the cost: 3.5999999999999996
Least cost path to router D:ED and the cost: 2.9
Least cost path to router A:EDFA and the cost: 5.8
Least cost path to router C:EBC and the cost: 4.300000000000001
['LSP', 'E', 'SEQ:8', 'B 3.2', 'D 2.9', 'F 6.2']
['LSP', 'D', 'SEQ:9', 'F 0.7', 'B 4.2', 'C 1.6', 'E 2.9']
['LSP', 'F', 'SEQ:9', 'A 2.2', 'D 0.7', 'E 6.2']
['LSP', 'D', 'SEQ:7', 'F 0.7', 'B 4.2', 'C 1.6', 'E 2.9']
['LSP', 'C', 'SEQ:8', 'B 1.1', 'D 1.6']
['LSP', 'D', 'SEQ:8', 'F 0.7', 'B 4.2', 'C 1.6', 'E 2.9']
['LSP', 'A', 'SEQ:8', 'B 6.5', 'F 2.2']
['LSP', 'B', 'SEQ:10', 'A 6.5', 'C 1.1', 'D 4.2', 'E 3.2']
['LSP', 'B', 'SEQ:9', 'A 6.5', 'C 1.1', 'D 4.2', 'E 3.2']
['LSP', 'D', 'SEQ:9', 'F 0.7', 'B 4.2', 'C 1.6', 'E 2.9']
['LSP', 'D', 'SEQ:10', 'F 0.7', 'B 4.2', 'C 1.6', 'E 2.9']
['LSP', 'F', 'SEQ:10', 'A 2.2', 'D 0.7', 'E 6.2']
['LSP', 'E', 'SEQ:9', 'B 3.2', 'D 2.9', 'F 6.2']
['LSP', 'A', 'SEQ:9', 'B 6.5', 'F 2.2']
['LSP', 'F', 'SEQ:8', 'A 2.2', 'D 0.7', 'E 6.2']
['LSP', 'A', 'SEQ:9', 'B 6.5', 'F 2.2']
['LSP', 'E', 'SEQ:9', 'B 3.2', 'D 2.9', 'F 6.2']
['LSP', 'F', 'SEQ:9', 'A 2.2', 'D 0.7', 'E 6.2']
['LSP', 'D', 'SEQ:8', 'F 0.7', 'B 4.2', 'C 1.6', 'E 2.9']
['LSP', 'B', 'SEQ:11', 'A 6.5', 'C 1.1', 'D 4.2', 'E 3.2']
['LSP', 'D', 'SEQ:11', 'F 0.7', 'B 4.2', 'C 1.6', 'E 2.9']
['LSP', 'F', 'SEQ:11', 'A 2.2', 'D 0.7', 'E 6.2']
['LSP', 'B', 'SEQ:12', 'A 6.5', 'C 1.1', 'D 4.2', 'E 3.2']
['LSP', 'F', 'SEQ:12', 'A 2.2', 'D 0.7', 'E 6.2']
['LSP', 'D', 'SEQ:12', 'F 0.7', 'B 4.2', 'C 1.6', 'E 2.9']
['LSP', 'F', 'SEQ:13', 'A 2.2', 'D 0.7', 'E 6.2']
['LSP', 'D', 'SEQ:13', 'F 0.7', 'B 4.2', 'C 1.6', 'E 2.9']
['LSP', 'F', 'SEQ:14', 'A 2.2', 'D 0.7', 'E 6.2']
['LSP', 'D', 'SEQ:14', 'F 0.7', 'B 4.2', 'C 1.6', 'E 2.9']
['LSP', 'F', 'SEQ:15', 'A 2.2', 'D 0.7', 'E 6.2']
['LSP', 'D', 'SEQ:15', 'F 0.7', 'B 4.2', 'C 1.6', 'E 2.9']
['LSP', 'F', 'SEQ:16', 'A 2.2', 'D 0.7', 'E 6.2']
['LSP', 'D', 'SEQ:16', 'F 0.7', 'B 4.2', 'C 1.6', 'E 2.9']
['LSP', 'F', 'SEQ:17', 'A 2.2', 'D 0.7', 'E 6.2']
['LSP', 'D', 'SEQ:17', 'F 0.7', 'B 4.2', 'C 1.6', 'E 2.9']
['LSP', 'F', 'SEQ:18', 'A 2.2', 'D 0.7', 'E 6.2']
['LSP', 'D', 'SEQ:18', 'F 0.7', 'B 4.2', 'C 1.6', 'E 2.9']
Djikstra
['LSP', 'F', 'SEQ:19', 'A 2.2', 'D 0.7', 'E 6.2']
['LSP', 'D', 'SEQ:19', 'F 0.7', 'B 4.2', 'C 1.6', 'E 2.9']
['LSP', 'F', 'SEQ:20', 'A 2.2', 'D 0.7', 'E 6.2']
['LSP', 'D', 'SEQ:20', 'F 0.7', 'B 4.2', 'C 1.6', 'E 2.9']
['LSP', 'F', 'SEQ:21', 'A 2.2', 'D 0.7', 'E 6.2']
['LSP', 'D', 'SEQ:21', 'F 0.7', 'B 4.2', 'C 1.6', 'E 2.9']
['LSP', 'F', 'SEQ:22', 'A 2.2', 'D 0.7', 'E 6.2']
['LSP', 'D', 'SEQ:22', 'F 0.7', 'B 4.2', 'C 1.6', 'E 2.9']
['LSP', 'F', 'SEQ:23', 'A 2.2', 'D 0.7', 'E 6.2']
['LSP', 'D', 'SEQ:23', 'F 0.7', 'B 4.2', 'C 1.6', 'E 2.9']
['LSP', 'F', 'SEQ:24', 'A 2.2', 'D 0.7', 'E 6.2']
['LSP', 'D', 'SEQ:24', 'F 0.7', 'B 4.2', 'C 1.6', 'E 2.9']
['LSP', 'F', 'SEQ:25', 'A 2.2', 'D 0.7', 'E 6.2']
['LSP', 'D', 'SEQ:25', 'F 0.7', 'B 4.2', 'C 1.6', 'E 2.9']
['LSP', 'F', 'SEQ:26', 'A 2.2', 'D 0.7', 'E 6.2']
['LSP', 'D', 'SEQ:26', 'F 0.7', 'B 4.2', 'C 1.6', 'E 2.9']
['LSP', 'F', 'SEQ:27', 'A 2.2', 'D 0.7', 'E 6.2']
['LSP', 'D', 'SEQ:27', 'F 0.7', 'B 4.2', 'C 1.6', 'E 2.9']
['LSP', 'D', 'SEQ:28', 'F 0.7', 'B 4.2', 'C 1.6', 'E 2.9']
['LSP', 'F', 'SEQ:28', 'A 2.2', 'D 0.7', 'E 6.2']
['LSP', 'F', 'SEQ:29', 'A 2.2', 'D 0.7', 'E 6.2']
['LSP', 'D', 'SEQ:29', 'F 0.7', 'B 4.2', 'C 1.6', 'E 2.9']
['LSP', 'D', 'SEQ:30', 'F 0.7', 'B 4.2', 'C 1.6', 'E 2.9']
['LSP', 'F', 'SEQ:30', 'A 2.2', 'D 0.7', 'E 6.2']
['LSP', 'F', 'SEQ:31', 'A 2.2', 'D 0.7', 'E 6.2']
['LSP', 'D', 'SEQ:31', 'F 0.7', 'B 4.2', 'C 1.6', 'E 2.9']
['LSP', 'F', 'SEQ:32', 'A 2.2', 'D 0.7', 'E 6.2']
['LSP', 'D', 'SEQ:32', 'F 0.7', 'B 4.2', 'C 1.6', 'E 2.9']
['LSP', 'F', 'SEQ:33', 'A 2.2', 'D 0.7', 'E 6.2']
['LSP', 'D', 'SEQ:33', 'F 0.7', 'B 4.2', 'C 1.6', 'E 2.9']
['LSP', 'F', 'SEQ:34', 'A 2.2', 'D 0.7', 'E 6.2']
['LSP', 'D', 'SEQ:34', 'F 0.7', 'B 4.2', 'C 1.6', 'E 2.9']
['LSP', 'F', 'SEQ:35', 'A 2.2', 'D 0.7', 'E 6.2']
['LSP', 'D', 'SEQ:35', 'F 0.7', 'B 4.2', 'C 1.6', 'E 2.9']
['LSP', 'F', 'SEQ:36', 'A 2.2', 'D 0.7', 'E 6.2']
['LSP', 'D', 'SEQ:36', 'F 0.7', 'B 4.2', 'C 1.6', 'E 2.9']
['LSP', 'F', 'SEQ:37', 'A 2.2', 'D 0.7', 'E 6.2']
['LSP', 'D', 'SEQ:37', 'F 0.7', 'B 4.2', 'C 1.6', 'E 2.9']
['LSP', 'F', 'SEQ:38', 'A 2.2', 'D 0.7', 'E 6.2']
['LSP', 'D', 'SEQ:38', 'F 0.7', 'B 4.2', 'C 1.6', 'E 2.9']
I am router E
Least cost path to router B:EB and the cost: 3.2
Least cost path to router F:EDF and the cost: 3.5999999999999996
Least cost path to router D:ED and the cost: 2.9
Least cost path to router A:EDFA and the cost: 5.8
Least cost path to router C:EBC and the cost: 4.300000000000001
['LSP', 'F', 'SEQ:39', 'A 2.2', 'D 0.7', 'E 6.2']
['LSP', 'D', 'SEQ:39', 'F 0.7', 'B 4.2', 'C 1.6', 'E 2.9']
['LSP', 'F', 'SEQ:40', 'A 2.2', 'D 0.7', 'E 6.2']
['LSP', 'D', 'SEQ:40', 'F 0.7', 'B 4.2', 'C 1.6', 'E 2.9']
['LSP', 'F', 'SEQ:41', 'A 2.2', 'D 0.7', 'E 6.2']
['LSP', 'D', 'SEQ:41', 'F 0.7', 'B 4.2', 'C 1.6', 'E 2.9']
['LSP', 'F', 'SEQ:42', 'A 2.2', 'D 0.7', 'E 6.2']
['LSP', 'D', 'SEQ:42', 'F 0.7', 'B 4.2', 'C 1.6', 'E 2.9']
['LSP', 'F', 'SEQ:43', 'A 2.2', 'D 0.7', 'E 6.2']
['LSP', 'D', 'SEQ:43', 'F 0.7', 'B 4.2', 'C 1.6', 'E 2.9']
['LSP', 'D', 'SEQ:44', 'F 0.7', 'B 4.2', 'C 1.6', 'E 2.9']
['LSP', 'F', 'SEQ:44', 'A 2.2', 'D 0.7', 'E 6.2']
['LSP', 'F', 'SEQ:45', 'A 2.2', 'D 0.7', 'E 6.2']
['LSP', 'D', 'SEQ:45', 'F 0.7', 'B 4.2', 'C 1.6', 'E 2.9']
['LSP', 'F', 'SEQ:46', 'A 2.2', 'D 0.7', 'E 6.2']
['LSP', 'D', 'SEQ:46', 'F 0.7', 'B 4.2', 'C 1.6', 'E 2.9']
['LSP', 'D', 'SEQ:47', 'F 0.7', 'B 4.2', 'C 1.6', 'E 2.9']
['LSP', 'F', 'SEQ:47', 'A 2.2', 'D 0.7', 'E 6.2']
['LSP', 'F', 'SEQ:48', 'A 2.2', 'D 0.7', 'E 6.2']
['LSP', 'D', 'SEQ:48', 'F 0.7', 'B 4.2', 'C 1.6', 'E 2.9']
Djikstra
['LSP', 'F', 'SEQ:49', 'A 2.2', 'D 0.7', 'E 6.2']
['LSP', 'D', 'SEQ:49', 'F 0.7', 'B 4.2', 'C 1.6', 'E 2.9']
['LSP', 'F', 'SEQ:50', 'A 2.2', 'D 0.7', 'E 6.2']
['LSP', 'D', 'SEQ:50', 'F 0.7', 'B 4.2', 'C 1.6', 'E 2.9']
['LSP', 'F', 'SEQ:51', 'A 2.2', 'D 0.7', 'E 6.2']
['LSP', 'D', 'SEQ:51', 'F 0.7', 'B 4.2', 'C 1.6', 'E 2.9']
['LSP', 'F', 'SEQ:52', 'A 2.2', 'D 0.7', 'E 6.2']
['LSP', 'D', 'SEQ:52', 'F 0.7', 'B 4.2', 'C 1.6', 'E 2.9']
['LSP', 'F', 'SEQ:53', 'A 2.2', 'D 0.7', 'E 6.2']
['LSP', 'D', 'SEQ:53', 'F 0.7', 'B 4.2', 'C 1.6', 'E 2.9']
['LSP', 'F', 'SEQ:54', 'A 2.2', 'D 0.7', 'E 6.2']
['LSP', 'D', 'SEQ:54', 'F 0.7', 'B 4.2', 'C 1.6', 'E 2.9']
['LSP', 'F', 'SEQ:55', 'A 2.2', 'D 0.7', 'E 6.2']
['LSP', 'D', 'SEQ:55', 'F 0.7', 'B 4.2', 'C 1.6', 'E 2.9']
['LSP', 'F', 'SEQ:56', 'A 2.2', 'D 0.7', 'E 6.2']
['LSP', 'D', 'SEQ:56', 'F 0.7', 'B 4.2', 'C 1.6', 'E 2.9']
['LSP', 'F', 'SEQ:57', 'A 2.2', 'D 0.7', 'E 6.2']
['LSP', 'D', 'SEQ:57', 'F 0.7', 'B 4.2', 'C 1.6', 'E 2.9']
['LSP', 'F', 'SEQ:58', 'A 2.2', 'D 0.7', 'E 6.2']
['LSP', 'D', 'SEQ:58', 'F 0.7', 'B 4.2', 'C 1.6', 'E 2.9']
['LSP', 'F', 'SEQ:59', 'A 2.2', 'D 0.7', 'E 6.2']
['LSP', 'D', 'SEQ:59', 'F 0.7', 'B 4.2', 'C 1.6', 'E 2.9']
['LSP', 'F', 'SEQ:60', 'A 2.2', 'D 0.7', 'E 6.2']
['LSP', 'D', 'SEQ:60', 'F 0.7', 'B 4.2', 'C 1.6', 'E 2.9']
['LSP', 'F', 'SEQ:61', 'A 2.2', 'D 0.7', 'E 6.2']
['LSP', 'D', 'SEQ:61', 'F 0.7', 'B 4.2', 'C 1.6', 'E 2.9']
['LSP', 'F', 'SEQ:62', 'A 2.2', 'D 0.7', 'E 6.2']
['LSP', 'D', 'SEQ:62', 'F 0.7', 'B 4.2', 'C 1.6', 'E 2.9']
['LSP', 'F', 'SEQ:63', 'A 2.2', 'D 0.7', 'E 6.2']
['LSP', 'D', 'SEQ:63', 'F 0.7', 'B 4.2', 'C 1.6', 'E 2.9']
['LSP', 'F', 'SEQ:64', 'A 2.2', 'D 0.7', 'E 6.2']
['LSP', 'D', 'SEQ:64', 'F 0.7', 'B 4.2', 'C 1.6', 'E 2.9']
['LSP', 'F', 'SEQ:65', 'A 2.2', 'D 0.7', 'E 6.2']
['LSP', 'D', 'SEQ:65', 'F 0.7', 'B 4.2', 'C 1.6', 'E 2.9']
['LSP', 'F', 'SEQ:66', 'A 2.2', 'D 0.7', 'E 6.2']
['LSP', 'D', 'SEQ:66', 'F 0.7', 'B 4.2', 'C 1.6', 'E 2.9']
['LSP', 'F', 'SEQ:67', 'A 2.2', 'D 0.7', 'E 6.2']
['LSP', 'D', 'SEQ:67', 'F 0.7', 'B 4.2', 'C 1.6', 'E 2.9']
['LSP', 'F', 'SEQ:68', 'A 2.2', 'D 0.7', 'E 6.2']
['LSP', 'D', 'SEQ:68', 'F 0.7', 'B 4.2', 'C 1.6', 'E 2.9']
I am router E
Least cost path to router B:EB and the cost: 3.2
Least cost path to router F:EDF and the cost: 3.5999999999999996
Least cost path to router D:ED and the cost: 2.9
Least cost path to router A:EDFA and the cost: 5.8
Least cost path to router C:EBC and the cost: 4.300000000000001
['LSP', 'F', 'SEQ:69', 'A 2.2', 'D 0.7', 'E 6.2']
['LSP', 'D', 'SEQ:69', 'F 0.7', 'B 4.2', 'C 1.6', 'E 2.9']
['LSP', 'F', 'SEQ:70', 'A 2.2', 'D 0.7', 'E 6.2']
['LSP', 'D', 'SEQ:70', 'F 0.7', 'B 4.2', 'C 1.6', 'E 2.9']
['LSP', 'F', 'SEQ:71', 'A 2.2', 'D 0.7', 'E 6.2']
['LSP', 'D', 'SEQ:71', 'F 0.7', 'B 4.2', 'C 1.6', 'E 2.9']
['LSP', 'F', 'SEQ:72', 'A 2.2', 'D 0.7', 'E 6.2']
['LSP', 'D', 'SEQ:72', 'F 0.7', 'B 4.2', 'C 1.6', 'E 2.9']
['LSP', 'F', 'SEQ:73', 'A 2.2', 'D 0.7', 'E 6.2']
['LSP', 'D', 'SEQ:73', 'F 0.7', 'B 4.2', 'C 1.6', 'E 2.9']
['LSP', 'F', 'SEQ:74', 'A 2.2', 'D 0.7', 'E 6.2']
['LSP', 'D', 'SEQ:74', 'F 0.7', 'B 4.2', 'C 1.6', 'E 2.9']
['LSP', 'F', 'SEQ:75', 'A 2.2', 'D 0.7', 'E 6.2']
['LSP', 'D', 'SEQ:75', 'F 0.7', 'B 4.2', 'C 1.6', 'E 2.9']
['LSP', 'D', 'SEQ:76', 'F 0.7', 'B 4.2', 'C 1.6', 'E 2.9']
['LSP', 'F', 'SEQ:76', 'A 2.2', 'D 0.7', 'E 6.2']
['LSP', 'D', 'SEQ:77', 'F 0.7', 'B 4.2', 'C 1.6', 'E 2.9']
['LSP', 'F', 'SEQ:77', 'A 2.2', 'D 0.7', 'E 6.2']
['LSP', 'D', 'SEQ:78', 'F 0.7', 'B 4.2', 'C 1.6', 'E 2.9']
['LSP', 'F', 'SEQ:78', 'A 2.2', 'D 0.7', 'E 6.2']
Djikstra
['LSP', 'F', 'SEQ:79', 'A 2.2', 'D 0.7', 'E 6.2']
['LSP', 'D', 'SEQ:79', 'F 0.7', 'B 4.2', 'C 1.6', 'E 2.9']
['LSP', 'F', 'SEQ:80', 'A 2.2', 'D 0.7', 'E 6.2']
['LSP', 'D', 'SEQ:80', 'F 0.7', 'B 4.2', 'C 1.6', 'E 2.9']
['LSP', 'F', 'SEQ:81', 'A 2.2', 'D 0.7', 'E 6.2']
['LSP', 'D', 'SEQ:81', 'F 0.7', 'B 4.2', 'C 1.6', 'E 2.9']
['LSP', 'F', 'SEQ:82', 'A 2.2', 'D 0.7', 'E 6.2']
['LSP', 'D', 'SEQ:82', 'F 0.7', 'B 4.2', 'C 1.6', 'E 2.9']
['LSP', 'F', 'SEQ:83', 'A 2.2', 'D 0.7', 'E 6.2']
['LSP', 'D', 'SEQ:83', 'F 0.7', 'B 4.2', 'C 1.6', 'E 2.9']
['LSP', 'D', 'SEQ:84', 'F 0.7', 'B 4.2', 'C 1.6', 'E 2.9']
['LSP', 'F', 'SEQ:84', 'A 2.2', 'D 0.7', 'E 6.2']
['LSP', 'F', 'SEQ:85', 'A 2.2', 'D 0.7', 'E 6.2']
['LSP', 'D', 'SEQ:85', 'F 0.7', 'B 4.2', 'C 1.6', 'E 2.9']
['LSP', 'F', 'SEQ:86', 'A 2.2', 'D 0.7', 'E 6.2']
['LSP', 'D', 'SEQ:86', 'F 0.7', 'B 4.2', 'C 1.6', 'E 2.9']
['LSP', 'F', 'SEQ:87', 'A 2.2', 'D 0.7', 'E 6.2']
['LSP', 'D', 'SEQ:87', 'F 0.7', 'B 4.2', 'C 1.6', 'E 2.9']
['LSP', 'F', 'SEQ:88', 'A 2.2', 'D 0.7', 'E 6.2']
['LSP', 'D', 'SEQ:88', 'F 0.7', 'B 4.2', 'C 1.6', 'E 2.9']
['LSP', 'F', 'SEQ:89', 'A 2.2', 'D 0.7', 'E 6.2']
['LSP', 'D', 'SEQ:89', 'F 0.7', 'B 4.2', 'C 1.6', 'E 2.9']
['LSP', 'F', 'SEQ:90', 'A 2.2', 'D 0.7', 'E 6.2']
['LSP', 'D', 'SEQ:90', 'F 0.7', 'B 4.2', 'C 1.6', 'E 2.9']
['LSP', 'F', 'SEQ:91', 'A 2.2', 'D 0.7', 'E 6.2']
['LSP', 'D', 'SEQ:91', 'F 0.7', 'B 4.2', 'C 1.6', 'E 2.9']
['LSP', 'C', 'SEQ:90', 'B 1.1', 'D 1.6']
['LSP', 'A', 'SEQ:90', 'B 6.5', 'F 2.2']
['LSP', 'E', 'SEQ:90', 'B 3.2', 'D 2.9', 'F 6.2']
['LSP', 'D', 'SEQ:90', 'F 0.7', 'B 4.2', 'C 1.6', 'E 2.9']
['LSP', 'F', 'SEQ:90', 'A 2.2', 'D 0.7', 'E 6.2']
['LSP', 'E', 'SEQ:90', 'B 3.2', 'D 2.9', 'F 6.2']
['LSP', 'A', 'SEQ:91', 'B 6.5', 'F 2.2']
['LSP', 'E', 'SEQ:91', 'B 3.2', 'D 2.9', 'F 6.2']
['LSP', 'F', 'SEQ:92', 'A 2.2', 'D 0.7', 'E 6.2']
['LSP', 'D', 'SEQ:92', 'F 0.7', 'B 4.2', 'C 1.6', 'E 2.9']
['LSP', 'F', 'SEQ:93', 'A 2.2', 'D 0.7', 'E 6.2']
['LSP', 'D', 'SEQ:93', 'F 0.7', 'B 4.2', 'C 1.6', 'E 2.9']
['LSP', 'E', 'SEQ:92', 'B 3.2', 'D 2.9', 'F 6.2']
['LSP', 'A', 'SEQ:92', 'B 6.5', 'F 2.2']
['LSP', 'D', 'SEQ:92', 'F 0.7', 'B 4.2', 'C 1.6', 'E 2.9']
['LSP', 'D', 'SEQ:91', 'F 0.7', 'B 4.2', 'C 1.6', 'E 2.9']
['LSP', 'A', 'SEQ:93', 'B 6.5', 'F 2.2']
['LSP', 'E', 'SEQ:93', 'B 3.2', 'D 2.9', 'F 6.2']
['LSP', 'D', 'SEQ:94', 'F 0.7', 'B 4.2', 'C 1.6', 'E 2.9']
['LSP', 'F', 'SEQ:94', 'A 2.2', 'D 0.7', 'E 6.2']
['LSP', 'F', 'SEQ:95', 'A 2.2', 'D 0.7', 'E 6.2']
['LSP', 'D', 'SEQ:95', 'F 0.7', 'B 4.2', 'C 1.6', 'E 2.9']
['LSP', 'A', 'SEQ:94', 'B 6.5', 'F 2.2']
