['LSP', 'E', 'SEQ:0', 'B 3.2', 'D 2.9', 'F 6.2']
['LSP', 'D', 'SEQ:0', 'F 0.7', 'B 4.2', 'C 1.6', 'E 2.9']
['LSP', 'A', 'SEQ:0', 'B 6.5', 'F 2.2']
['LSP', 'B', 'SEQ:0', 'A 6.5', 'C 1.1', 'D 4.2', 'E 3.2']
['LSP', 'B', 'SEQ:0', 'A 6.5', 'C 1.1', 'D 4.2', 'E 3.2']
['LSP', 'B', 'SEQ:0', 'A 6.5', 'C 1.1', 'D 4.2', 'E 3.2']
['LSP', 'E', 'SEQ:0', 'B 3.2', 'D 2.9', 'F 6.2']
['LSP', 'E', 'SEQ:1', 'B 3.2', 'D 2.9', 'F 6.2']
['LSP', 'F', 'SEQ:0', 'A 2.2', 'D 0.7', 'E 6.2']
['LSP', 'F', 'SEQ:0', 'A 2.2', 'D 0.7', 'E 6.2']
['LSP', 'A', 'SEQ:1', 'B 6.5', 'F 2.2']
['LSP', 'F', 'SEQ:0', 'A 2.2', 'D 0.7', 'E 6.2']
['LSP', 'D', 'SEQ:0', 'F 0.7', 'B 4.2', 'C 1.6', 'E 2.9']
['LSP', 'C', 'SEQ:0', 'B 1.1', 'D 1.6']
['LSP', 'D', 'SEQ:1', 'F 0.7', 'B 4.2', 'C 1.6', 'E 2.9']
['LSP', 'E', 'SEQ:2', 'B 3.2', 'D 2.9', 'F 6.2']
['LSP', 'C', 'SEQ:1', 'B 1.1', 'D 1.6']
['LSP', 'F', 'SEQ:1', 'A 2.2', 'D 0.7', 'E 6.2']
['LSP', 'D', 'SEQ:0', 'F 0.7', 'B 4.2', 'C 1.6', 'E 2.9']
['LSP', 'D', 'SEQ:2', 'F 0.7', 'B 4.2', 'C 1.6', 'E 2.9']
['LSP', 'A', 'SEQ:2', 'B 6.5', 'F 2.2']
['LSP', 'C', 'SEQ:0', 'B 1.1', 'D 1.6']
['LSP', 'D', 'SEQ:1', 'F 0.7', 'B 4.2', 'C 1.6', 'E 2.9']
['LSP', 'A', 'SEQ:0', 'B 6.5', 'F 2.2']
['LSP', 'A', 'SEQ:0', 'B 6.5', 'F 2.2']
['LSP', 'C', 'SEQ:0', 'B 1.1', 'D 1.6']
['LSP', 'B', 'SEQ:2', 'A 6.5', 'C 1.1', 'D 4.2', 'E 3.2']
['LSP', 'E', 'SEQ:3', 'B 3.2', 'D 2.9', 'F 6.2']
['LSP', 'D', 'SEQ:3', 'F 0.7', 'B 4.2', 'C 1.6', 'E 2.9']
['LSP', 'A', 'SEQ:3', 'B 6.5', 'F 2.2']
['LSP', 'C', 'SEQ:2', 'B 1.1', 'D 1.6']
['LSP', 'F', 'SEQ:2', 'A 2.2', 'D 0.7', 'E 6.2']
['LSP', 'B', 'SEQ:3', 'A 6.5', 'C 1.1', 'D 4.2', 'E 3.2']
['LSP', 'B', 'SEQ:3', 'A 6.5', 'C 1.1', 'D 4.2', 'E 3.2']
['LSP', 'E', 'SEQ:3', 'B 3.2', 'D 2.9', 'F 6.2']
['LSP', 'E', 'SEQ:4', 'B 3.2', 'D 2.9', 'F 6.2']
['LSP', 'A', 'SEQ:4', 'B 6.5', 'F 2.2']
['LSP', 'E', 'SEQ:2', 'B 3.2', 'D 2.9', 'F 6.2']
['LSP', 'C', 'SEQ:2', 'B 1.1', 'D 1.6']
['LSP', 'D', 'SEQ:3', 'F 0.7', 'B 4.2', 'C 1.6', 'E 2.9']
['LSP', 'E', 'SEQ:2', 'B 3.2', 'D 2.9', 'F 6.2']
['LSP', 'D', 'SEQ:4', 'F 0.7', 'B 4.2', 'C 1.6', 'E 2.9']
['LSP', 'F', 'SEQ:3', 'A 2.2', 'D 0.7', 'E 6.2']
['LSP', 'D', 'SEQ:2', 'F 0.7', 'B 4.2', 'C 1.6', 'E 2.9']
['LSP', 'D', 'SEQ:2', 'F 0.7', 'B 4.2', 'C 1.6', 'E 2.9']
['LSP', 'A', 'SEQ:2', 'B 6.5', 'F 2.2']
['LSP', 'A', 'SEQ:2', 'B 6.5', 'F 2.2']
['LSP', 'A', 'SEQ:5', 'B 6.5', 'F 2.2']
['LSP', 'E', 'SEQ:5', 'B 3.2', 'D 2.9', 'F 6.2']
['LSP', 'D', 'SEQ:5', 'F 0.7', 'B 4.2', 'C 1.6', 'E 2.9']
['LSP', 'F', 'SEQ:4', 'A 2.2', 'D 0.7', 'E 6.2']
['LSP', 'F', 'SEQ:4', 'A 2.2', 'D 0.7', 'E 6.2']
['LSP', 'A', 'SEQ:3', 'B 6.5', 'F 2.2']
['LSP', 'B', 'SEQ:5', 'A 6.5', 'C 1.1', 'D 4.2', 'E 3.2']
['LSP', 'B', 'SEQ:5', 'A 6.5', 'C 1.1', 'D 4.2', 'E 3.2']
['LSP', 'B', 'SEQ:5', 'A 6.5', 'C 1.1', 'D 4.2', 'E 3.2']
['LSP', 'E', 'SEQ:5', 'B 3.2', 'D 2.9', 'F 6.2']
['LSP', 'A', 'SEQ:6', 'B 6.5', 'F 2.2']
['LSP', 'E', 'SEQ:6', 'B 3.2', 'D 2.9', 'F 6.2']
['LSP', 'C', 'SEQ:5', 'B 1.1', 'D 1.6']
['LSP', 'A', 'SEQ:4', 'B 6.5', 'F 2.2']
['LSP', 'E', 'SEQ:4', 'B 3.2', 'D 2.9', 'F 6.2']
['LSP', 'C', 'SEQ:4', 'B 1.1', 'D 1.6']
['LSP', 'A', 'SEQ:4', 'B 6.5', 'F 2.2']
['LSP', 'D', 'SEQ:4', 'F 0.7', 'B 4.2', 'C 1.6', 'E 2.9']
['LSP', 'E', 'SEQ:4', 'B 3.2', 'D 2.9', 'F 6.2']
['LSP', 'A', 'SEQ:4', 'B 6.5', 'F 2.2']
['LSP', 'C', 'SEQ:4', 'B 1.1', 'D 1.6']
['LSP', 'D', 'SEQ:6', 'F 0.7', 'B 4.2', 'C 1.6', 'E 2.9']
['LSP', 'E', 'SEQ:7', 'B 3.2', 'D 2.9', 'F 6.2']
['LSP', 'A', 'SEQ:7', 'B 6.5', 'F 2.2']
['LSP', 'D', 'SEQ:7', 'F 0.7', 'B 4.2', 'C 1.6', 'E 2.9']
['LSP', 'D', 'SEQ:5', 'F 0.7', 'B 4.2', 'C 1.6', 'E 2.9']
['LSP', 'F', 'SEQ:6', 'A 2.2', 'D 0.7', 'E 6.2']
['LSP', 'D', 'SEQ:6', 'F 0.7', 'B 4.2', 'C 1.6', 'E 2.9']
['LSP', 'F', 'SEQ:6', 'A 2.2', 'D 0.7', 'E 6.2']
['LSP', 'C', 'SEQ:5', 'B 1.1', 'D 1.6']
['LSP', 'F', 'SEQ:6', 'A 2.2', 'D 0.7', 'E 6.2']
['LSP', 'B', 'SEQ:7', 'A 6.5', 'C 1.1', 'D 4.2', 'E 3.2']
['LSP', 'B', 'SEQ:7', 'A 6.5', 'C 1.1', 'D 4.2', 'E 3.2']
['LSP', 'B', 'SEQ:7', 'A 6.5', 'C 1.1', 'D 4.2', 'E 3.2']
['LSP', 'C', 'SEQ:7', 'B 1.1', 'D 1.6']
['LSP', 'E', 'SEQ:8', 'B 3.2', 'D 2.9', 'F 6.2']
['LSP', 'C', 'SEQ:6', 'B 1.1', 'D 1.6']
['LSP', 'A', 'SEQ:8', 'B 6.5', 'F 2.2']
['LSP', 'E', 'SEQ:7', 'B 3.2', 'D 2.9', 'F 6.2']
['LSP', 'D', 'SEQ:8', 'F 0.7', 'B 4.2', 'C 1.6', 'E 2.9']
['LSP', 'B', 'SEQ:8', 'A 6.5', 'C 1.1', 'D 4.2', 'E 3.2']
I am router F
Least cost path to router E:FDE and the cost: 3.5999999999999996
Least cost path to router D:FD and the cost: 0.7
Least cost path to router A:FA and the cost: 2.2
Least cost path to router B:FDCB and the cost: 3.4
Least cost path to router C:FDC and the cost: 2.3
['LSP', 'A', 'SEQ:7', 'B 6.5', 'F 2.2']
['LSP', 'D', 'SEQ:9', 'F 0.7', 'B 4.2', 'C 1.6', 'E 2.9']
['LSP', 'E', 'SEQ:9', 'B 3.2', 'D 2.9', 'F 6.2']
['LSP', 'D', 'SEQ:7', 'F 0.7', 'B 4.2', 'C 1.6', 'E 2.9']
['LSP', 'A', 'SEQ:9', 'B 6.5', 'F 2.2']
['LSP', 'D', 'SEQ:7', 'F 0.7', 'B 4.2', 'C 1.6', 'E 2.9']
['LSP', 'F', 'SEQ:8', 'A 2.2', 'D 0.7', 'E 6.2']
['LSP', 'F', 'SEQ:8', 'A 2.2', 'D 0.7', 'E 6.2']
['LSP', 'D', 'SEQ:8', 'F 0.7', 'B 4.2', 'C 1.6', 'E 2.9']
['LSP', 'A', 'SEQ:7', 'B 6.5', 'F 2.2']
['LSP', 'C', 'SEQ:7', 'B 1.1', 'D 1.6']
['LSP', 'B', 'SEQ:9', 'A 6.5', 'C 1.1', 'D 4.2', 'E 3.2']
['LSP', 'B', 'SEQ:9', 'A 6.5', 'C 1.1', 'D 4.2', 'E 3.2']
['LSP', 'E', 'SEQ:10', 'B 3.2', 'D 2.9', 'F 6.2']
['LSP', 'D', 'SEQ:10', 'F 0.7', 'B 4.2', 'C 1.6', 'E 2.9']
['LSP', 'A', 'SEQ:10', 'B 6.5', 'F 2.2']
['LSP', 'E', 'SEQ:9', 'B 3.2', 'D 2.9', 'F 6.2']
['LSP', 'F', 'SEQ:9', 'A 2.2', 'D 0.7', 'E 6.2']
['LSP', 'D', 'SEQ:8', 'F 0.7', 'B 4.2', 'C 1.6', 'E 2.9']
['LSP', 'A', 'SEQ:8', 'B 6.5', 'F 2.2']
['LSP', 'D', 'SEQ:8', 'F 0.7', 'B 4.2', 'C 1.6', 'E 2.9']
['LSP', 'D', 'SEQ:11', 'F 0.7', 'B 4.2', 'C 1.6', 'E 2.9']
['LSP', 'E', 'SEQ:11', 'B 3.2', 'D 2.9', 'F 6.2']
['LSP', 'D', 'SEQ:9', 'F 0.7', 'B 4.2', 'C 1.6', 'E 2.9']
['LSP', 'A', 'SEQ:11', 'B 6.5', 'F 2.2']
['LSP', 'E', 'SEQ:9', 'B 3.2', 'D 2.9', 'F 6.2']
['LSP', 'E', 'SEQ:9', 'B 3.2', 'D 2.9', 'F 6.2']
['LSP', 'D', 'SEQ:12', 'F 0.7', 'B 4.2', 'C 1.6', 'E 2.9']
['LSP', 'A', 'SEQ:12', 'B 6.5', 'F 2.2']
['LSP', 'E', 'SEQ:12', 'B 3.2', 'D 2.9', 'F 6.2']
['LSP', 'D', 'SEQ:13', 'F 0.7', 'B 4.2', 'C 1.6', 'E 2.9']
['LSP', 'A', 'SEQ:13', 'B 6.5', 'F 2.2']
['LSP', 'E', 'SEQ:13', 'B 3.2', 'D 2.9', 'F 6.2']
['LSP', 'A', 'SEQ:14', 'B 6.5', 'F 2.2']
['LSP', 'D', 'SEQ:14', 'F 0.7', 'B 4.2', 'C 1.6', 'E 2.9']
['LSP', 'E', 'SEQ:14', 'B 3.2', 'D 2.9', 'F 6.2']
['LSP', 'E', 'SEQ:15', 'B 3.2', 'D 2.9', 'F 6.2']
['LSP', 'D', 'SEQ:15', 'F 0.7', 'B 4.2', 'C 1.6', 'E 2.9']
['LSP', 'A', 'SEQ:15', 'B 6.5', 'F 2.2']
['LSP', 'E', 'SEQ:16', 'B 3.2', 'D 2.9', 'F 6.2']
['LSP', 'D', 'SEQ:16', 'F 0.7', 'B 4.2', 'C 1.6', 'E 2.9']
['LSP', 'A', 'SEQ:16', 'B 6.5', 'F 2.2']
['LSP', 'E', 'SEQ:17', 'B 3.2', 'D 2.9', 'F 6.2']
['LSP', 'D', 'SEQ:17', 'F 0.7', 'B 4.2', 'C 1.6', 'E 2.9']
['LSP', 'A', 'SEQ:17', 'B 6.5', 'F 2.2']
['LSP', 'E', 'SEQ:18', 'B 3.2', 'D 2.9', 'F 6.2']
['LSP', 'D', 'SEQ:18', 'F 0.7', 'B 4.2', 'C 1.6', 'E 2.9']
['LSP', 'A', 'SEQ:18', 'B 6.5', 'F 2.2']
Djikstra
['LSP', 'E', 'SEQ:19', 'B 3.2', 'D 2.9', 'F 6.2']
['LSP', 'D', 'SEQ:19', 'F 0.7', 'B 4.2', 'C 1.6', 'E 2.9']
['LSP', 'A', 'SEQ:19', 'B 6.5', 'F 2.2']
['LSP', 'E', 'SEQ:20', 'B 3.2', 'D 2.9', 'F 6.2']
['LSP', 'D', 'SEQ:20', 'F 0.7', 'B 4.2', 'C 1.6', 'E 2.9']
['LSP', 'A', 'SEQ:20', 'B 6.5', 'F 2.2']
['LSP', 'E', 'SEQ:21', 'B 3.2', 'D 2.9', 'F 6.2']
['LSP', 'A', 'SEQ:21', 'B 6.5', 'F 2.2']
['LSP', 'D', 'SEQ:21', 'F 0.7', 'B 4.2', 'C 1.6', 'E 2.9']
['LSP', 'D', 'SEQ:22', 'F 0.7', 'B 4.2', 'C 1.6', 'E 2.9']
['LSP', 'A', 'SEQ:22', 'B 6.5', 'F 2.2']
['LSP', 'E', 'SEQ:22', 'B 3.2', 'D 2.9', 'F 6.2']
['LSP', 'A', 'SEQ:23', 'B 6.5', 'F 2.2']
['LSP', 'D', 'SEQ:23', 'F 0.7', 'B 4.2', 'C 1.6', 'E 2.9']
['LSP', 'E', 'SEQ:23', 'B 3.2', 'D 2.9', 'F 6.2']
['LSP', 'A', 'SEQ:24', 'B 6.5', 'F 2.2']
['LSP', 'E', 'SEQ:24', 'B 3.2', 'D 2.9', 'F 6.2']
['LSP', 'D', 'SEQ:24', 'F 0.7', 'B 4.2', 'C 1.6', 'E 2.9']
['LSP', 'A', 'SEQ:25', 'B 6.5', 'F 2.2']
['LSP', 'D', 'SEQ:25', 'F 0.7', 'B 4.2', 'C 1.6', 'E 2.9']
['LSP', 'E', 'SEQ:25', 'B 3.2', 'D 2.9', 'F 6.2']
['LSP', 'D', 'SEQ:26', 'F 0.7', 'B 4.2', 'C 1.6', 'E 2.9']
['LSP', 'A', 'SEQ:26', 'B 6.5', 'F 2.2']
['LSP', 'E', 'SEQ:26', 'B 3.2', 'D 2.9', 'F 6.2']
['LSP', 'D', 'SEQ:27', 'F 0.7', 'B 4.2', 'C 1.6', 'E 2.9']
['LSP', 'A', 'SEQ:27', 'B 6.5', 'F 2.2']
['LSP', 'E', 'SEQ:27', 'B 3.2', 'D 2.9', 'F 6.2']
['LSP', 'D', 'SEQ:28', 'F 0.7', 'B 4.2', 'C 1.6', 'E 2.9']
['LSP', 'A', 'SEQ:28', 'B 6.5', 'F 2.2']
['LSP', 'E', 'SEQ:28', 'B 3.2', 'D 2.9', 'F 6.2']
['LSP', 'D', 'SEQ:29', 'F 0.7', 'B 4.2', 'C 1.6', 'E 2.9']
['LSP', 'A', 'SEQ:29', 'B 6.5', 'F 2.2']
['LSP', 'E', 'SEQ:29', 'B 3.2', 'D 2.9', 'F 6.2']
['LSP', 'D', 'SEQ:30', 'F 0.7', 'B 4.2', 'C 1.6', 'E 2.9']
['LSP', 'A', 'SEQ:30', 'B 6.5', 'F 2.2']
['LSP', 'E', 'SEQ:30', 'B 3.2', 'D 2.9', 'F 6.2']
['LSP', 'D', 'SEQ:31', 'F 0.7', 'B 4.2', 'C 1.6', 'E 2.9']
['LSP', 'A', 'SEQ:31', 'B 6.5', 'F 2.2']
['LSP', 'E', 'SEQ:31', 'B 3.2', 'D 2.9', 'F 6.2']
['LSP', 'D', 'SEQ:32', 'F 0.7', 'B 4.2', 'C 1.6', 'E 2.9']
['LSP', 'A', 'SEQ:32', 'B 6.5', 'F 2.2']
['LSP', 'E', 'SEQ:32', 'B 3.2', 'D 2.9', 'F 6.2']
['LSP', 'D', 'SEQ:33', 'F 0.7', 'B 4.2', 'C 1.6', 'E 2.9']
['LSP', 'A', 'SEQ:33', 'B 6.5', 'F 2.2']
['LSP', 'E', 'SEQ:33', 'B 3.2', 'D 2.9', 'F 6.2']
['LSP', 'A', 'SEQ:34', 'B 6.5', 'F 2.2']
['LSP', 'E', 'SEQ:34', 'B 3.2', 'D 2.9', 'F 6.2']
['LSP', 'D', 'SEQ:34', 'F 0.7', 'B 4.2', 'C 1.6', 'E 2.9']
['LSP', 'A', 'SEQ:35', 'B 6.5', 'F 2.2']
['LSP', 'D', 'SEQ:35', 'F 0.7', 'B 4.2', 'C 1.6', 'E 2.9']
['LSP', 'E', 'SEQ:35', 'B 3.2', 'D 2.9', 'F 6.2']
['LSP', 'A', 'SEQ:36', 'B 6.5', 'F 2.2']
['LSP', 'D', 'SEQ:36', 'F 0.7', 'B 4.2', 'C 1.6', 'E 2.9']
['LSP', 'E', 'SEQ:36', 'B 3.2', 'D 2.9', 'F 6.2']
['LSP', 'D', 'SEQ:37', 'F 0.7', 'B 4.2', 'C 1.6', 'E 2.9']
['LSP', 'A', 'SEQ:37', 'B 6.5', 'F 2.2']
['LSP', 'E', 'SEQ:37', 'B 3.2', 'D 2.9', 'F 6.2']
['LSP', 'D', 'SEQ:38', 'F 0.7', 'B 4.2', 'C 1.6', 'E 2.9']
['LSP', 'E', 'SEQ:38', 'B 3.2', 'D 2.9', 'F 6.2']
['LSP', 'A', 'SEQ:38', 'B 6.5', 'F 2.2']
I am router F
Least cost path to router E:FDE and the cost: 3.5999999999999996
Least cost path to router D:FD and the cost: 0.7
Least cost path to router A:FA and the cost: 2.2
Least cost path to router B:FDCB and the cost: 3.4
Least cost path to router C:FDC and the cost: 2.3
['LSP', 'D', 'SEQ:39', 'F 0.7', 'B 4.2', 'C 1.6', 'E 2.9']
['LSP', 'A', 'SEQ:39', 'B 6.5', 'F 2.2']
['LSP', 'E', 'SEQ:39', 'B 3.2', 'D 2.9', 'F 6.2']
['LSP', 'D', 'SEQ:40', 'F 0.7', 'B 4.2', 'C 1.6', 'E 2.9']
['LSP', 'E', 'SEQ:40', 'B 3.2', 'D 2.9', 'F 6.2']
['LSP', 'A', 'SEQ:40', 'B 6.5', 'F 2.2']
['LSP', 'D', 'SEQ:41', 'F 0.7', 'B 4.2', 'C 1.6', 'E 2.9']
['LSP', 'A', 'SEQ:41', 'B 6.5', 'F 2.2']
['LSP', 'E', 'SEQ:41', 'B 3.2', 'D 2.9', 'F 6.2']
['LSP', 'A', 'SEQ:42', 'B 6.5', 'F 2.2']
['LSP', 'E', 'SEQ:42', 'B 3.2', 'D 2.9', 'F 6.2']
['LSP', 'D', 'SEQ:42', 'F 0.7', 'B 4.2', 'C 1.6', 'E 2.9']
['LSP', 'E', 'SEQ:43', 'B 3.2', 'D 2.9', 'F 6.2']
['LSP', 'A', 'SEQ:43', 'B 6.5', 'F 2.2']
['LSP', 'D', 'SEQ:43', 'F 0.7', 'B 4.2', 'C 1.6', 'E 2.9']
['LSP', 'D', 'SEQ:44', 'F 0.7', 'B 4.2', 'C 1.6', 'E 2.9']
['LSP', 'A', 'SEQ:44', 'B 6.5', 'F 2.2']
['LSP', 'E', 'SEQ:44', 'B 3.2', 'D 2.9', 'F 6.2']
['LSP', 'D', 'SEQ:45', 'F 0.7', 'B 4.2', 'C 1.6', 'E 2.9']
['LSP', 'A', 'SEQ:45', 'B 6.5', 'F 2.2']
['LSP', 'E', 'SEQ:45', 'B 3.2', 'D 2.9', 'F 6.2']
['LSP', 'D', 'SEQ:46', 'F 0.7', 'B 4.2', 'C 1.6', 'E 2.9']
['LSP', 'A', 'SEQ:46', 'B 6.5', 'F 2.2']
['LSP', 'E', 'SEQ:46', 'B 3.2', 'D 2.9', 'F 6.2']
['LSP', 'D', 'SEQ:47', 'F 0.7', 'B 4.2', 'C 1.6', 'E 2.9']
['LSP', 'A', 'SEQ:47', 'B 6.5', 'F 2.2']
['LSP', 'E', 'SEQ:47', 'B 3.2', 'D 2.9', 'F 6.2']
['LSP', 'D', 'SEQ:48', 'F 0.7', 'B 4.2', 'C 1.6', 'E 2.9']
['LSP', 'A', 'SEQ:48', 'B 6.5', 'F 2.2']
['LSP', 'E', 'SEQ:48', 'B 3.2', 'D 2.9', 'F 6.2']
Djikstra
['LSP', 'D', 'SEQ:49', 'F 0.7', 'B 4.2', 'C 1.6', 'E 2.9']
['LSP', 'A', 'SEQ:49', 'B 6.5', 'F 2.2']
['LSP', 'E', 'SEQ:49', 'B 3.2', 'D 2.9', 'F 6.2']
['LSP', 'A', 'SEQ:50', 'B 6.5', 'F 2.2']
['LSP', 'E', 'SEQ:50', 'B 3.2', 'D 2.9', 'F 6.2']
['LSP', 'D', 'SEQ:50', 'F 0.7', 'B 4.2', 'C 1.6', 'E 2.9']
['LSP', 'A', 'SEQ:51', 'B 6.5', 'F 2.2']
['LSP', 'E', 'SEQ:51', 'B 3.2', 'D 2.9', 'F 6.2']
['LSP', 'D', 'SEQ:51', 'F 0.7', 'B 4.2', 'C 1.6', 'E 2.9']
['LSP', 'A', 'SEQ:52', 'B 6.5', 'F 2.2']
['LSP', 'E', 'SEQ:52', 'B 3.2', 'D 2.9', 'F 6.2']
['LSP', 'D', 'SEQ:52', 'F 0.7', 'B 4.2', 'C 1.6', 'E 2.9']
['LSP', 'A', 'SEQ:53', 'B 6.5', 'F 2.2']
['LSP', 'E', 'SEQ:53', 'B 3.2', 'D 2.9', 'F 6.2']
['LSP', 'D', 'SEQ:53', 'F 0.7', 'B 4.2', 'C 1.6', 'E 2.9']
['LSP', 'A', 'SEQ:54', 'B 6.5', 'F 2.2']
['LSP', 'E', 'SEQ:54', 'B 3.2', 'D 2.9', 'F 6.2']
['LSP', 'D', 'SEQ:54', 'F 0.7', 'B 4.2', 'C 1.6', 'E 2.9']
['LSP', 'E', 'SEQ:55', 'B 3.2', 'D 2.9', 'F 6.2']
['LSP', 'A', 'SEQ:55', 'B 6.5', 'F 2.2']
['LSP', 'D', 'SEQ:55', 'F 0.7', 'B 4.2', 'C 1.6', 'E 2.9']
['LSP', 'A', 'SEQ:56', 'B 6.5', 'F 2.2']
['LSP', 'E', 'SEQ:56', 'B 3.2', 'D 2.9', 'F 6.2']
['LSP', 'D', 'SEQ:56', 'F 0.7', 'B 4.2', 'C 1.6', 'E 2.9']
['LSP', 'A', 'SEQ:57', 'B 6.5', 'F 2.2']
['LSP', 'E', 'SEQ:57', 'B 3.2', 'D 2.9', 'F 6.2']
['LSP', 'D', 'SEQ:57', 'F 0.7', 'B 4.2', 'C 1.6', 'E 2.9']
['LSP', 'A', 'SEQ:58', 'B 6.5', 'F 2.2']
['LSP', 'E', 'SEQ:58', 'B 3.2', 'D 2.9', 'F 6.2']
['LSP', 'D', 'SEQ:58', 'F 0.7', 'B 4.2', 'C 1.6', 'E 2.9']
['LSP', 'A', 'SEQ:59', 'B 6.5', 'F 2.2']
['LSP', 'E', 'SEQ:59', 'B 3.2', 'D 2.9', 'F 6.2']
['LSP', 'D', 'SEQ:59', 'F 0.7', 'B 4.2', 'C 1.6', 'E 2.9']
['LSP', 'E', 'SEQ:60', 'B 3.2', 'D 2.9', 'F 6.2']
['LSP', 'A', 'SEQ:60', 'B 6.5', 'F 2.2']
['LSP', 'D', 'SEQ:60', 'F 0.7', 'B 4.2', 'C 1.6', 'E 2.9']
['LSP', 'E', 'SEQ:61', 'B 3.2', 'D 2.9', 'F 6.2']
['LSP', 'A', 'SEQ:61', 'B 6.5', 'F 2.2']
['LSP', 'D', 'SEQ:61', 'F 0.7', 'B 4.2', 'C 1.6', 'E 2.9']
['LSP', 'E', 'SEQ:62', 'B 3.2', 'D 2.9', 'F 6.2']
['LSP', 'A', 'SEQ:62', 'B 6.5', 'F 2.2']
['LSP', 'D', 'SEQ:62', 'F 0.7', 'B 4.2', 'C 1.6', 'E 2.9']
['LSP', 'E', 'SEQ:63', 'B 3.2', 'D 2.9', 'F 6.2']
['LSP', 'A', 'SEQ:63', 'B 6.5', 'F 2.2']
['LSP', 'D', 'SEQ:63', 'F 0.7', 'B 4.2', 'C 1.6', 'E 2.9']
['LSP', 'E', 'SEQ:64', 'B 3.2', 'D 2.9', 'F 6.2']
['LSP', 'A', 'SEQ:64', 'B 6.5', 'F 2.2']
['LSP', 'D', 'SEQ:64', 'F 0.7', 'B 4.2', 'C 1.6', 'E 2.9']
['LSP', 'A', 'SEQ:65', 'B 6.5', 'F 2.2']
['LSP', 'E', 'SEQ:65', 'B 3.2', 'D 2.9', 'F 6.2']
['LSP', 'D', 'SEQ:65', 'F 0.7', 'B 4.2', 'C 1.6', 'E 2.9']
['LSP', 'A', 'SEQ:66', 'B 6.5', 'F 2.2']
['LSP', 'E', 'SEQ:66', 'B 3.2', 'D 2.9', 'F 6.2']
['LSP', 'D', 'SEQ:66', 'F 0.7', 'B 4.2', 'C 1.6', 'E 2.9']
['LSP', 'A', 'SEQ:67', 'B 6.5', 'F 2.2']
['LSP', 'E', 'SEQ:67', 'B 3.2', 'D 2.9', 'F 6.2']
['LSP', 'D', 'SEQ:67', 'F 0.7', 'B 4.2', 'C 1.6', 'E 2.9']
['LSP', 'E', 'SEQ:68', 'B 3.2', 'D 2.9', 'F 6.2']
['LSP', 'A', 'SEQ:68', 'B 6.5', 'F 2.2']
['LSP', 'D', 'SEQ:68', 'F 0.7', 'B 4.2', 'C 1.6', 'E 2.9']
I am router F
Least cost path to router E:FDE and the cost: 3.5999999999999996
Least cost path to router D:FD and the cost: 0.7
Least cost path to router A:FA and the cost: 2.2
Least cost path to router B:FDCB and the cost: 3.4
Least cost path to router C:FDC and the cost: 2.3
['LSP', 'D', 'SEQ:69', 'F 0.7', 'B 4.2', 'C 1.6', 'E 2.9']
['LSP', 'A', 'SEQ:69', 'B 6.5', 'F 2.2']
['LSP', 'E', 'SEQ:69', 'B 3.2', 'D 2.9', 'F 6.2']
['LSP', 'D', 'SEQ:70', 'F 0.7', 'B 4.2', 'C 1.6', 'E 2.9']
['LSP', 'A', 'SEQ:70', 'B 6.5', 'F 2.2']
['LSP', 'E', 'SEQ:70', 'B 3.2', 'D 2.9', 'F 6.2']
['LSP', 'D', 'SEQ:71', 'F 0.7', 'B 4.2', 'C 1.6', 'E 2.9']
['LSP', 'A', 'SEQ:71', 'B 6.5', 'F 2.2']
['LSP', 'E', 'SEQ:71', 'B 3.2', 'D 2.9', 'F 6.2']
['LSP', 'D', 'SEQ:72', 'F 0.7', 'B 4.2', 'C 1.6', 'E 2.9']
['LSP', 'A', 'SEQ:72', 'B 6.5', 'F 2.2']
['LSP', 'E', 'SEQ:72', 'B 3.2', 'D 2.9', 'F 6.2']
['LSP', 'D', 'SEQ:73', 'F 0.7', 'B 4.2', 'C 1.6', 'E 2.9']
['LSP', 'A', 'SEQ:73', 'B 6.5', 'F 2.2']
['LSP', 'E', 'SEQ:73', 'B 3.2', 'D 2.9', 'F 6.2']
['LSP', 'A', 'SEQ:74', 'B 6.5', 'F 2.2']
['LSP', 'E', 'SEQ:74', 'B 3.2', 'D 2.9', 'F 6.2']
['LSP', 'D', 'SEQ:74', 'F 0.7', 'B 4.2', 'C 1.6', 'E 2.9']
['LSP', 'D', 'SEQ:75', 'F 0.7', 'B 4.2', 'C 1.6', 'E 2.9']
['LSP', 'A', 'SEQ:75', 'B 6.5', 'F 2.2']
['LSP', 'E', 'SEQ:75', 'B 3.2', 'D 2.9', 'F 6.2']
['LSP', 'D', 'SEQ:76', 'F 0.7', 'B 4.2', 'C 1.6', 'E 2.9']
['LSP', 'A', 'SEQ:76', 'B 6.5', 'F 2.2']
['LSP', 'E', 'SEQ:76', 'B 3.2', 'D 2.9', 'F 6.2']
['LSP', 'D', 'SEQ:77', 'F 0.7', 'B 4.2', 'C 1.6', 'E 2.9']
['LSP', 'A', 'SEQ:77', 'B 6.5', 'F 2.2']
['LSP', 'E', 'SEQ:77', 'B 3.2', 'D 2.9', 'F 6.2']
['LSP', 'D', 'SEQ:78', 'F 0.7', 'B 4.2', 'C 1.6', 'E 2.9']
['LSP', 'A', 'SEQ:78', 'B 6.5', 'F 2.2']
['LSP', 'E', 'SEQ:78', 'B 3.2', 'D 2.9', 'F 6.2']
Djikstra
['LSP', 'D', 'SEQ:79', 'F 0.7', 'B 4.2', 'C 1.6', 'E 2.9']
['LSP', 'A', 'SEQ:79', 'B 6.5', 'F 2.2']
['LSP', 'E', 'SEQ:79', 'B 3.2', 'D 2.9', 'F 6.2']
['LSP', 'D', 'SEQ:80', 'F 0.7', 'B 4.2', 'C 1.6', 'E 2.9']
['LSP', 'A', 'SEQ:80', 'B 6.5', 'F 2.2']
['LSP', 'E', 'SEQ:80', 'B 3.2', 'D 2.9', 'F 6.2']
['LSP', 'A', 'SEQ:81', 'B 6.5', 'F 2.2']
['LSP', 'E', 'SEQ:81', 'B 3.2', 'D 2.9', 'F 6.2']
['LSP', 'D', 'SEQ:81', 'F 0.7', 'B 4.2', 'C 1.6', 'E 2.9']
['LSP', 'D', 'SEQ:82', 'F 0.7', 'B 4.2', 'C 1.6', 'E 2.9']
['LSP', 'A', 'SEQ:82', 'B 6.5', 'F 2.2']
['LSP', 'E', 'SEQ:82', 'B 3.2', 'D 2.9', 'F 6.2']
['LSP', 'D', 'SEQ:83', 'F 0.7', 'B 4.2', 'C 1.6', 'E 2.9']
['LSP', 'A', 'SEQ:83', 'B 6.5', 'F 2.2']
['LSP', 'E', 'SEQ:83', 'B 3.2', 'D 2.9', 'F 6.2']
['LSP', 'D', 'SEQ:84', 'F 0.7', 'B 4.2', 'C 1.6', 'E 2.9']
['LSP', 'A', 'SEQ:84', 'B 6.5', 'F 2.2']
['LSP', 'E', 'SEQ:84', 'B 3.2', 'D 2.9', 'F 6.2']
['LSP', 'D', 'SEQ:85', 'F 0.7', 'B 4.2', 'C 1.6', 'E 2.9']
['LSP', 'A', 'SEQ:85', 'B 6.5', 'F 2.2']
['LSP', 'E', 'SEQ:85', 'B 3.2', 'D 2.9', 'F 6.2']
['LSP', 'D', 'SEQ:86', 'F 0.7', 'B 4.2', 'C 1.6', 'E 2.9']
['LSP', 'E', 'SEQ:86', 'B 3.2', 'D 2.9', 'F 6.2']
['LSP', 'A', 'SEQ:86', 'B 6.5', 'F 2.2']
['LSP', 'D', 'SEQ:87', 'F 0.7', 'B 4.2', 'C 1.6', 'E 2.9']
['LSP', 'A', 'SEQ:87', 'B 6.5', 'F 2.2']
['LSP', 'E', 'SEQ:87', 'B 3.2', 'D 2.9', 'F 6.2']
['LSP', 'E', 'SEQ:88', 'B 3.2', 'D 2.9', 'F 6.2']
['LSP', 'A', 'SEQ:88', 'B 6.5', 'F 2.2']
['LSP', 'D', 'SEQ:88', 'F 0.7', 'B 4.2', 'C 1.6', 'E 2.9']
['LSP', 'A', 'SEQ:89', 'B 6.5', 'F 2.2']
['LSP', 'E', 'SEQ:89', 'B 3.2', 'D 2.9', 'F 6.2']
['LSP', 'D', 'SEQ:89', 'F 0.7', 'B 4.2', 'C 1.6', 'E 2.9']
['LSP', 'D', 'SEQ:90', 'F 0.7', 'B 4.2', 'C 1.6', 'E 2.9']
['LSP', 'E', 'SEQ:90', 'B 3.2', 'D 2.9', 'F 6.2']
['LSP', 'A', 'SEQ:90', 'B 6.5', 'F 2.2']
['LSP', 'A', 'SEQ:91', 'B 6.5', 'F 2.2']
['LSP', 'D', 'SEQ:91', 'F 0.7', 'B 4.2', 'C 1.6', 'E 2.9']
['LSP', 'E', 'SEQ:91', 'B 3.2', 'D 2.9', 'F 6.2']
['LSP', 'F', 'SEQ:90', 'A 2.2', 'D 0.7', 'E 6.2']
['LSP', 'F', 'SEQ:90', 'A 2.2', 'D 0.7', 'E 6.2']
['LSP', 'E', 'SEQ:90', 'B 3.2', 'D 2.9', 'F 6.2']
['LSP', 'F', 'SEQ:90', 'A 2.2', 'D 0.7', 'E 6.2']
['LSP', 'D', 'SEQ:90', 'F 0.7', 'B 4.2', 'C 1.6', 'E 2.9']
['LSP', 'C', 'SEQ:90', 'B 1.1', 'D 1.6']
['LSP', 'E', 'SEQ:92', 'B 3.2', 'D 2.9', 'F 6.2']
['LSP', 'E', 'SEQ:91', 'B 3.2', 'D 2.9', 'F 6.2']
['LSP', 'A', 'SEQ:92', 'B 6.5', 'F 2.2']
['LSP', 'A', 'SEQ:90', 'B 6.5', 'F 2.2']
['LSP', 'D', 'SEQ:92', 'F 0.7', 'B 4.2', 'C 1.6', 'E 2.9']
['LSP', 'C', 'SEQ:90', 'B 1.1', 'D 1.6']
['LSP', 'A', 'SEQ:90', 'B 6.5', 'F 2.2']
['LSP', 'D', 'SEQ:90', 'F 0.7', 'B 4.2', 'C 1.6', 'E 2.9']
['LSP', 'E', 'SEQ:90', 'B 3.2', 'D 2.9', 'F 6.2']
['LSP', 'E', 'SEQ:92', 'B 3.2', 'D 2.9', 'F 6.2']
['LSP', 'A', 'SEQ:93', 'B 6.5', 'F 2.2']
['LSP', 'E', 'SEQ:93', 'B 3.2', 'D 2.9', 'F 6.2']
['LSP', 'D', 'SEQ:93', 'F 0.7', 'B 4.2', 'C 1.6', 'E 2.9']
['LSP', 'E', 'SEQ:91', 'B 3.2', 'D 2.9', 'F 6.2']
['LSP', 'F', 'SEQ:92', 'A 2.2', 'D 0.7', 'E 6.2']
['LSP', 'D', 'SEQ:91', 'F 0.7', 'B 4.2', 'C 1.6', 'E 2.9']
['LSP', 'D', 'SEQ:92', 'F 0.7', 'B 4.2', 'C 1.6', 'E 2.9']
['LSP', 'E', 'SEQ:93', 'B 3.2', 'D 2.9', 'F 6.2']
['LSP', 'A', 'SEQ:94', 'B 6.5', 'F 2.2']
['LSP', 'E', 'SEQ:94', 'B 3.2', 'D 2.9', 'F 6.2']
['LSP', 'D', 'SEQ:94', 'F 0.7', 'B 4.2', 'C 1.6', 'E 2.9']
['LSP', 'D', 'SEQ:92', 'F 0.7', 'B 4.2', 'C 1.6', 'E 2.9']
['LSP', 'A', 'SEQ:92', 'B 6.5', 'F 2.2']
['LSP', 'F', 'SEQ:93', 'A 2.2', 'D 0.7', 'E 6.2']
['LSP', 'E', 'SEQ:92', 'B 3.2', 'D 2.9', 'F 6.2']
['LSP', 'A', 'SEQ:92', 'B 6.5', 'F 2.2']
['LSP', 'E', 'SEQ:94', 'B 3.2', 'D 2.9', 'F 6.2']
['LSP', 'E', 'SEQ:95', 'B 3.2', 'D 2.9', 'F 6.2']
['LSP', 'A', 'SEQ:95', 'B 6.5', 'F 2.2']
['LSP', 'F', 'SEQ:94', 'A 2.2', 'D 0.7', 'E 6.2']
['LSP', 'D', 'SEQ:95', 'F 0.7', 'B 4.2', 'C 1.6', 'E 2.9']
['LSP', 'A', 'SEQ:93', 'B 6.5', 'F 2.2']
['LSP', 'C', 'SEQ:94', 'B 1.1', 'D 1.6']
['LSP', 'A', 'SEQ:96', 'B 6.5', 'F 2.2']
['LSP', 'E', 'SEQ:96', 'B 3.2', 'D 2.9', 'F 6.2']
['LSP', 'E', 'SEQ:95', 'B 3.2', 'D 2.9', 'F 6.2']
['LSP', 'A', 'SEQ:94', 'B 6.5', 'F 2.2']
['LSP', 'D', 'SEQ:96', 'F 0.7', 'B 4.2', 'C 1.6', 'E 2.9']
['LSP', 'A', 'SEQ:94', 'B 6.5', 'F 2.2']
['LSP', 'E', 'SEQ:94', 'B 3.2', 'D 2.9', 'F 6.2']
['LSP', 'F', 'SEQ:95', 'A 2.2', 'D 0.7', 'E 6.2']
['LSP', 'D', 'SEQ:94', 'F 0.7', 'B 4.2', 'C 1.6', 'E 2.9']
['LSP', 'F', 'SEQ:95', 'A 2.2', 'D 0.7', 'E 6.2']
['LSP', 'D', 'SEQ:95', 'F 0.7', 'B 4.2', 'C 1.6', 'E 2.9']
['LSP', 'A', 'SEQ:94', 'B 6.5', 'F 2.2']
['LSP', 'E', 'SEQ:94', 'B 3.2', 'D 2.9', 'F 6.2']
['LSP', 'C', 'SEQ:94', 'B 1.1', 'D 1.6']
['LSP', 'A', 'SEQ:97', 'B 6.5', 'F 2.2']
['LSP', 'E', 'SEQ:97', 'B 3.2', 'D 2.9', 'F 6.2']
['LSP', 'E', 'SEQ:96', 'B 3.2', 'D 2.9', 'F 6.2']
['LSP', 'D', 'SEQ:97', 'F 0.7', 'B 4.2', 'C 1.6', 'E 2.9']
['LSP', 'A', 'SEQ:95', 'B 6.5', 'F 2.2']
['LSP', 'E', 'SEQ:97', 'B 3.2', 'D 2.9', 'F 6.2']
['LSP', 'A', 'SEQ:98', 'B 6.5', 'F 2.2']
['LSP', 'E', 'SEQ:98', 'B 3.2', 'D 2.9', 'F 6.2']
['LSP', 'E', 'SEQ:96', 'B 3.2', 'D 2.9', 'F 6.2']
['LSP', 'D', 'SEQ:98', 'F 0.7', 'B 4.2', 'C 1.6', 'E 2.9']
['LSP', 'F', 'SEQ:97', 'A 2.2', 'D 0.7', 'E 6.2']
['LSP', 'D', 'SEQ:96', 'F 0.7', 'B 4.2', 'C 1.6', 'E 2.9']
['LSP', 'D', 'SEQ:97', 'F 0.7', 'B 4.2', 'C 1.6', 'E 2.9']
['LSP', 'F', 'SEQ:97', 'A 2.2', 'D 0.7', 'E 6.2']
['LSP', 'E', 'SEQ:96', 'B 3.2', 'D 2.9', 'F 6.2']
I am router F
Least cost path to router E:FDE and the cost: 3.5999999999999996
Least cost path to router D:FD and the cost: 0.7
Least cost path to router A:FA and the cost: 2.2
Least cost path to router B:FDCB and the cost: 3.4
Least cost path to router C:FDC and the cost: 2.3
['LSP', 'A', 'SEQ:99', 'B 6.5', 'F 2.2']
['LSP', 'E', 'SEQ:99', 'B 3.2', 'D 2.9', 'F 6.2']
['LSP', 'C', 'SEQ:98', 'B 1.1', 'D 1.6']
['LSP', 'A', 'SEQ:97', 'B 6.5', 'F 2.2']
['LSP', 'A', 'SEQ:97', 'B 6.5', 'F 2.2']
['LSP', 'F', 'SEQ:98', 'A 2.2', 'D 0.7', 'E 6.2']
['LSP', 'D', 'SEQ:99', 'F 0.7', 'B 4.2', 'C 1.6', 'E 2.9']
['LSP', 'D', 'SEQ:97', 'F 0.7', 'B 4.2', 'C 1.6', 'E 2.9']
['LSP', 'A', 'SEQ:100', 'B 6.5', 'F 2.2']
['LSP', 'E', 'SEQ:100', 'B 3.2', 'D 2.9', 'F 6.2']
['LSP', 'E', 'SEQ:98', 'B 3.2', 'D 2.9', 'F 6.2']
['LSP', 'E', 'SEQ:98', 'B 3.2', 'D 2.9', 'F 6.2']
['LSP', 'C', 'SEQ:98', 'B 1.1', 'D 1.6']
['LSP', 'D', 'SEQ:100', 'F 0.7', 'B 4.2', 'C 1.6', 'E 2.9']
['LSP', 'D', 'SEQ:99', 'F 0.7', 'B 4.2', 'C 1.6', 'E 2.9']
['LSP', 'F', 'SEQ:99', 'A 2.2', 'D 0.7', 'E 6.2']
['LSP', 'D', 'SEQ:98', 'F 0.7', 'B 4.2', 'C 1.6', 'E 2.9']
['LSP', 'A', 'SEQ:101', 'B 6.5', 'F 2.2']
['LSP', 'E', 'SEQ:101', 'B 3.2', 'D 2.9', 'F 6.2']
['LSP', 'D', 'SEQ:101', 'F 0.7', 'B 4.2', 'C 1.6', 'E 2.9']
['LSP', 'A', 'SEQ:102', 'B 6.5', 'F 2.2']
['LSP', 'E', 'SEQ:102', 'B 3.2', 'D 2.9', 'F 6.2']
['LSP', 'D', 'SEQ:102', 'F 0.7', 'B 4.2', 'C 1.6', 'E 2.9']
['LSP', 'A', 'SEQ:103', 'B 6.5', 'F 2.2']
['LSP', 'E', 'SEQ:103', 'B 3.2', 'D 2.9', 'F 6.2']
['LSP', 'D', 'SEQ:103', 'F 0.7', 'B 4.2', 'C 1.6', 'E 2.9']
['LSP', 'A', 'SEQ:104', 'B 6.5', 'F 2.2']
['LSP', 'E', 'SEQ:104', 'B 3.2', 'D 2.9', 'F 6.2']
['LSP', 'D', 'SEQ:104', 'F 0.7', 'B 4.2', 'C 1.6', 'E 2.9']
['LSP', 'A', 'SEQ:105', 'B 6.5', 'F 2.2']
['LSP', 'E', 'SEQ:105', 'B 3.2', 'D 2.9', 'F 6.2']
['LSP', 'D', 'SEQ:105', 'F 0.7', 'B 4.2', 'C 1.6', 'E 2.9']
['LSP', 'A', 'SEQ:106', 'B 6.5', 'F 2.2']
['LSP', 'E', 'SEQ:106', 'B 3.2', 'D 2.9', 'F 6.2']
['LSP', 'D', 'SEQ:106', 'F 0.7', 'B 4.2', 'C 1.6', 'E 2.9']
['LSP', 'E', 'SEQ:107', 'B 3.2', 'D 2.9', 'F 6.2']
['LSP', 'A', 'SEQ:107', 'B 6.5', 'F 2.2']
['LSP', 'D', 'SEQ:107', 'F 0.7', 'B 4.2', 'C 1.6', 'E 2.9']
['LSP', 'A', 'SEQ:108', 'B 6.5', 'F 2.2']
['LSP', 'E', 'SEQ:108', 'B 3.2', 'D 2.9', 'F 6.2']
['LSP', 'D', 'SEQ:108', 'F 0.7', 'B 4.2', 'C 1.6', 'E 2.9']
Djikstra
['LSP', 'A', 'SEQ:109', 'B 6.5', 'F 2.2']
['LSP', 'E', 'SEQ:109', 'B 3.2', 'D 2.9', 'F 6.2']
['LSP', 'D', 'SEQ:109', 'F 0.7', 'B 4.2', 'C 1.6', 'E 2.9']
['LSP', 'A', 'SEQ:110', 'B 6.5', 'F 2.2']
['LSP', 'E', 'SEQ:110', 'B 3.2', 'D 2.9', 'F 6.2']
['LSP', 'D', 'SEQ:110', 'F 0.7', 'B 4.2', 'C 1.6', 'E 2.9']
['LSP', 'A', 'SEQ:111', 'B 6.5', 'F 2.2']
['LSP', 'E', 'SEQ:111', 'B 3.2', 'D 2.9', 'F 6.2']